2024-07-05T16:24:33.523Z [Modules] Modules initializing
2024-07-05T16:24:33.524Z [Modules] Distribution: remote
2024-07-05T16:24:33.524Z [Modules] Host updates: disabled
2024-07-05T16:24:33.524Z [Modules] Module updates: enabled
2024-07-05T16:24:33.525Z [Modules] Module install path: /home/siddharth/.config/discord/0.0.46/modules
2024-07-05T16:24:33.525Z [Modules] Module installed file path: /home/siddharth/.config/discord/0.0.46/modules/installed.json
2024-07-05T16:24:33.525Z [Modules] Module download path: /home/siddharth/.config/discord/0.0.46/modules/pending
2024-07-05T16:24:33.831Z [Modules] Bootstrapping...
2024-07-05T16:24:33.832Z [Modules] Installing discord_desktop_core@0 from /nix/store/z80w2i7mlm44swc2nfdzhzx7gb1r20lk-discord-0.0.46/opt/Discord/resources/bootstrap/discord_desktop_core.zip
2024-07-05T16:24:33.836Z [Modules] Failed installing discord_desktop_core@0: Error: ENOENT: no such file or directory, open '/nix/store/z80w2i7mlm44swc2nfdzhzx7gb1r20lk-discord-0.0.46/opt/Discord/resources/bootstrap/discord_desktop_core.zip'
2024-07-05T16:24:33.838Z [Modules] Installing discord_erlpack@0 from /nix/store/z80w2i7mlm44swc2nfdzhzx7gb1r20lk-discord-0.0.46/opt/Discord/resources/bootstrap/discord_erlpack.zip
2024-07-05T16:24:33.843Z [Modules] Failed installing discord_erlpack@0: Error: ENOENT: no such file or directory, open '/nix/store/z80w2i7mlm44swc2nfdzhzx7gb1r20lk-discord-0.0.46/opt/Discord/resources/bootstrap/discord_erlpack.zip'
2024-07-05T16:24:33.844Z [Modules] Installing discord_spellcheck@0 from /nix/store/z80w2i7mlm44swc2nfdzhzx7gb1r20lk-discord-0.0.46/opt/Discord/resources/bootstrap/discord_spellcheck.zip
2024-07-05T16:24:33.846Z [Modules] Failed installing discord_spellcheck@0: Error: ENOENT: no such file or directory, open '/nix/store/z80w2i7mlm44swc2nfdzhzx7gb1r20lk-discord-0.0.46/opt/Discord/resources/bootstrap/discord_spellcheck.zip'
2024-07-05T16:24:33.847Z [Modules] Installing discord_utils@0 from /nix/store/z80w2i7mlm44swc2nfdzhzx7gb1r20lk-discord-0.0.46/opt/Discord/resources/bootstrap/discord_utils.zip
2024-07-05T16:24:33.851Z [Modules] Failed installing discord_utils@0: Error: ENOENT: no such file or directory, open '/nix/store/z80w2i7mlm44swc2nfdzhzx7gb1r20lk-discord-0.0.46/opt/Discord/resources/bootstrap/discord_utils.zip'
2024-07-05T16:24:33.852Z [Modules] Installing discord_voice@0 from /nix/store/z80w2i7mlm44swc2nfdzhzx7gb1r20lk-discord-0.0.46/opt/Discord/resources/bootstrap/discord_voice.zip
2024-07-05T16:24:33.855Z [Modules] Failed installing discord_voice@0: Error: ENOENT: no such file or directory, open '/nix/store/z80w2i7mlm44swc2nfdzhzx7gb1r20lk-discord-0.0.46/opt/Discord/resources/bootstrap/discord_voice.zip'
2024-07-05T16:24:33.856Z [Modules] Finished module installations. [success: 0] [failure: 5]
2024-07-05T16:24:33.859Z [Modules] Host is up to date.
2024-07-05T16:24:33.859Z [Modules] Checking for module updates at https://discord.com/api/modules/stable/versions.json
2024-07-05T16:24:34.321Z [Modules] Module update available: discord_desktop_core@1 [installed: 0]
2024-07-05T16:24:34.321Z [Modules] Module update available: discord_erlpack@1 [installed: 0]
2024-07-05T16:24:34.321Z [Modules] Module update available: discord_spellcheck@1 [installed: 0]
2024-07-05T16:24:34.321Z [Modules] Module update available: discord_utils@1 [installed: 0]
2024-07-05T16:24:34.321Z [Modules] Module update available: discord_voice@1 [installed: 0]
2024-07-05T16:24:34.322Z [Modules] Fetching discord_desktop_core@1 from https://discord.com/api/modules/stable/discord_desktop_core/1
2024-07-05T16:24:34.322Z [Modules] Streaming discord_desktop_core@1 to /home/siddharth/.config/discord/0.0.46/modules/pending/discord_desktop_core-1.zip
2024-07-05T16:24:35.856Z [Modules] Streaming discord_desktop_core@1 to /home/siddharth/.config/discord/0.0.46/modules/pending/discord_desktop_core-1.zip: 1%
2024-07-05T16:24:35.990Z [Modules] Streaming discord_desktop_core@1 to /home/siddharth/.config/discord/0.0.46/modules/pending/discord_desktop_core-1.zip: 2%
2024-07-05T16:24:36.066Z [Modules] Streaming discord_desktop_core@1 to /home/siddharth/.config/discord/0.0.46/modules/pending/discord_desktop_core-1.zip: 3%
2024-07-05T16:24:36.260Z [Modules] Streaming discord_desktop_core@1 to /home/siddharth/.config/discord/0.0.46/modules/pending/discord_desktop_core-1.zip: 4%
2024-07-05T16:24:36.372Z [Modules] Streaming discord_desktop_core@1 to /home/siddharth/.config/discord/0.0.46/modules/pending/discord_desktop_core-1.zip: 5%
2024-07-05T16:24:36.405Z [Modules] Streaming discord_desktop_core@1 to /home/siddharth/.config/discord/0.0.46/modules/pending/discord_desktop_core-1.zip: 6%
2024-07-05T16:24:36.539Z [Modules] Streaming discord_desktop_core@1 to /home/siddharth/.config/discord/0.0.46/modules/pending/discord_desktop_core-1.zip: 7%
2024-07-05T16:24:36.549Z [Modules] Streaming discord_desktop_core@1 to /home/siddharth/.config/discord/0.0.46/modules/pending/discord_desktop_core-1.zip: 8%
2024-07-05T16:24:36.733Z [Modules] Streaming discord_desktop_core@1 to /home/siddharth/.config/discord/0.0.46/modules/pending/discord_desktop_core-1.zip: 10%
2024-07-05T16:24:36.965Z [Modules] Streaming discord_desktop_core@1 to /home/siddharth/.config/discord/0.0.46/modules/pending/discord_desktop_core-1.zip: 12%
2024-07-05T16:24:37.002Z [Modules] Streaming discord_desktop_core@1 to /home/siddharth/.config/discord/0.0.46/modules/pending/discord_desktop_core-1.zip: 13%
2024-07-05T16:24:37.111Z [Modules] Streaming discord_desktop_core@1 to /home/siddharth/.config/discord/0.0.46/modules/pending/discord_desktop_core-1.zip: 14%
2024-07-05T16:24:37.181Z [Modules] Streaming discord_desktop_core@1 to /home/siddharth/.config/discord/0.0.46/modules/pending/discord_desktop_core-1.zip: 15%
2024-07-05T16:24:37.251Z [Modules] Streaming discord_desktop_core@1 to /home/siddharth/.config/discord/0.0.46/modules/pending/discord_desktop_core-1.zip: 16%
2024-07-05T16:24:37.314Z [Modules] Streaming discord_desktop_core@1 to /home/siddharth/.config/discord/0.0.46/modules/pending/discord_desktop_core-1.zip: 18%
2024-07-05T16:24:37.452Z [Modules] Streaming discord_desktop_core@1 to /home/siddharth/.config/discord/0.0.46/modules/pending/discord_desktop_core-1.zip: 19%
2024-07-05T16:24:37.629Z [Modules] Streaming discord_desktop_core@1 to /home/siddharth/.config/discord/0.0.46/modules/pending/discord_desktop_core-1.zip: 21%
2024-07-05T16:24:37.702Z [Modules] Streaming discord_desktop_core@1 to /home/siddharth/.config/discord/0.0.46/modules/pending/discord_desktop_core-1.zip: 22%
2024-07-05T16:24:37.756Z [Modules] Streaming discord_desktop_core@1 to /home/siddharth/.config/discord/0.0.46/modules/pending/discord_desktop_core-1.zip: 23%
2024-07-05T16:24:37.810Z [Modules] Streaming discord_desktop_core@1 to /home/siddharth/.config/discord/0.0.46/modules/pending/discord_desktop_core-1.zip: 24%
2024-07-05T16:24:37.891Z [Modules] Streaming discord_desktop_core@1 to /home/siddharth/.config/discord/0.0.46/modules/pending/discord_desktop_core-1.zip: 25%
2024-07-05T16:24:37.979Z [Modules] Streaming discord_desktop_core@1 to /home/siddharth/.config/discord/0.0.46/modules/pending/discord_desktop_core-1.zip: 27%
2024-07-05T16:24:38.096Z [Modules] Streaming discord_desktop_core@1 to /home/siddharth/.config/discord/0.0.46/modules/pending/discord_desktop_core-1.zip: 28%
2024-07-05T16:24:38.193Z [Modules] Streaming discord_desktop_core@1 to /home/siddharth/.config/discord/0.0.46/modules/pending/discord_desktop_core-1.zip: 30%
2024-07-05T16:24:38.311Z [Modules] Streaming discord_desktop_core@1 to /home/siddharth/.config/discord/0.0.46/modules/pending/discord_desktop_core-1.zip: 31%
2024-07-05T16:24:38.318Z [Modules] Streaming discord_desktop_core@1 to /home/siddharth/.config/discord/0.0.46/modules/pending/discord_desktop_core-1.zip: 32%
2024-07-05T16:24:38.575Z [Modules] Streaming discord_desktop_core@1 to /home/siddharth/.config/discord/0.0.46/modules/pending/discord_desktop_core-1.zip: 35%
2024-07-05T16:24:38.576Z [Modules] Streaming discord_desktop_core@1 to /home/siddharth/.config/discord/0.0.46/modules/pending/discord_desktop_core-1.zip: 36%
2024-07-05T16:24:38.658Z [Modules] Streaming discord_desktop_core@1 to /home/siddharth/.config/discord/0.0.46/modules/pending/discord_desktop_core-1.zip: 37%
2024-07-05T16:24:38.681Z [Modules] Streaming discord_desktop_core@1 to /home/siddharth/.config/discord/0.0.46/modules/pending/discord_desktop_core-1.zip: 38%
2024-07-05T16:24:38.825Z [Modules] Streaming discord_desktop_core@1 to /home/siddharth/.config/discord/0.0.46/modules/pending/discord_desktop_core-1.zip: 39%
2024-07-05T16:24:38.844Z [Modules] Streaming discord_desktop_core@1 to /home/siddharth/.config/discord/0.0.46/modules/pending/discord_desktop_core-1.zip: 40%
2024-07-05T16:24:38.914Z [Modules] Streaming discord_desktop_core@1 to /home/siddharth/.config/discord/0.0.46/modules/pending/discord_desktop_core-1.zip: 42%
2024-07-05T16:24:38.999Z [Modules] Streaming discord_desktop_core@1 to /home/siddharth/.config/discord/0.0.46/modules/pending/discord_desktop_core-1.zip: 43%
2024-07-05T16:24:39.127Z [Modules] Streaming discord_desktop_core@1 to /home/siddharth/.config/discord/0.0.46/modules/pending/discord_desktop_core-1.zip: 44%
2024-07-05T16:24:39.161Z [Modules] Streaming discord_desktop_core@1 to /home/siddharth/.config/discord/0.0.46/modules/pending/discord_desktop_core-1.zip: 46%
2024-07-05T16:24:39.304Z [Modules] Streaming discord_desktop_core@1 to /home/siddharth/.config/discord/0.0.46/modules/pending/discord_desktop_core-1.zip: 47%
2024-07-05T16:24:39.328Z [Modules] Streaming discord_desktop_core@1 to /home/siddharth/.config/discord/0.0.46/modules/pending/discord_desktop_core-1.zip: 48%
2024-07-05T16:24:39.444Z [Modules] Streaming discord_desktop_core@1 to /home/siddharth/.config/discord/0.0.46/modules/pending/discord_desktop_core-1.zip: 51%
2024-07-05T16:24:39.571Z [Modules] Streaming discord_desktop_core@1 to /home/siddharth/.config/discord/0.0.46/modules/pending/discord_desktop_core-1.zip: 52%
2024-07-05T16:24:39.644Z [Modules] Streaming discord_desktop_core@1 to /home/siddharth/.config/discord/0.0.46/modules/pending/discord_desktop_core-1.zip: 53%
2024-07-05T16:24:39.697Z [Modules] Streaming discord_desktop_core@1 to /home/siddharth/.config/discord/0.0.46/modules/pending/discord_desktop_core-1.zip: 54%
2024-07-05T16:24:39.851Z [Modules] Streaming discord_desktop_core@1 to /home/siddharth/.config/discord/0.0.46/modules/pending/discord_desktop_core-1.zip: 57%
2024-07-05T16:24:39.923Z [Modules] Streaming discord_desktop_core@1 to /home/siddharth/.config/discord/0.0.46/modules/pending/discord_desktop_core-1.zip: 60%
2024-07-05T16:24:39.986Z [Modules] Streaming discord_desktop_core@1 to /home/siddharth/.config/discord/0.0.46/modules/pending/discord_desktop_core-1.zip: 61%
2024-07-05T16:24:40.008Z [Modules] Streaming discord_desktop_core@1 to /home/siddharth/.config/discord/0.0.46/modules/pending/discord_desktop_core-1.zip: 62%
2024-07-05T16:24:40.034Z [Modules] Streaming discord_desktop_core@1 to /home/siddharth/.config/discord/0.0.46/modules/pending/discord_desktop_core-1.zip: 63%
2024-07-05T16:24:40.080Z [Modules] Streaming discord_desktop_core@1 to /home/siddharth/.config/discord/0.0.46/modules/pending/discord_desktop_core-1.zip: 64%
2024-07-05T16:24:40.100Z [Modules] Streaming discord_desktop_core@1 to /home/siddharth/.config/discord/0.0.46/modules/pending/discord_desktop_core-1.zip: 65%
2024-07-05T16:24:40.162Z [Modules] Streaming discord_desktop_core@1 to /home/siddharth/.config/discord/0.0.46/modules/pending/discord_desktop_core-1.zip: 66%
2024-07-05T16:24:40.197Z [Modules] Streaming discord_desktop_core@1 to /home/siddharth/.config/discord/0.0.46/modules/pending/discord_desktop_core-1.zip: 67%
2024-07-05T16:24:40.230Z [Modules] Streaming discord_desktop_core@1 to /home/siddharth/.config/discord/0.0.46/modules/pending/discord_desktop_core-1.zip: 68%
2024-07-05T16:24:40.279Z [Modules] Streaming discord_desktop_core@1 to /home/siddharth/.config/discord/0.0.46/modules/pending/discord_desktop_core-1.zip: 69%
2024-07-05T16:24:40.305Z [Modules] Streaming discord_desktop_core@1 to /home/siddharth/.config/discord/0.0.46/modules/pending/discord_desktop_core-1.zip: 70%
2024-07-05T16:24:40.331Z [Modules] Streaming discord_desktop_core@1 to /home/siddharth/.config/discord/0.0.46/modules/pending/discord_desktop_core-1.zip: 71%
2024-07-05T16:24:40.384Z [Modules] Streaming discord_desktop_core@1 to /home/siddharth/.config/discord/0.0.46/modules/pending/discord_desktop_core-1.zip: 72%
2024-07-05T16:24:40.406Z [Modules] Streaming discord_desktop_core@1 to /home/siddharth/.config/discord/0.0.46/modules/pending/discord_desktop_core-1.zip: 73%
2024-07-05T16:24:40.446Z [Modules] Streaming discord_desktop_core@1 to /home/siddharth/.config/discord/0.0.46/modules/pending/discord_desktop_core-1.zip: 74%
2024-07-05T16:24:40.516Z [Modules] Streaming discord_desktop_core@1 to /home/siddharth/.config/discord/0.0.46/modules/pending/discord_desktop_core-1.zip: 75%
2024-07-05T16:24:40.651Z [Modules] Streaming discord_desktop_core@1 to /home/siddharth/.config/discord/0.0.46/modules/pending/discord_desktop_core-1.zip: 76%
2024-07-05T16:24:40.670Z [Modules] Streaming discord_desktop_core@1 to /home/siddharth/.config/discord/0.0.46/modules/pending/discord_desktop_core-1.zip: 77%
2024-07-05T16:24:40.915Z [Modules] Streaming discord_desktop_core@1 to /home/siddharth/.config/discord/0.0.46/modules/pending/discord_desktop_core-1.zip: 80%
2024-07-05T16:24:40.916Z [Modules] Streaming discord_desktop_core@1 to /home/siddharth/.config/discord/0.0.46/modules/pending/discord_desktop_core-1.zip: 84%
2024-07-05T16:24:40.954Z [Modules] Streaming discord_desktop_core@1 to /home/siddharth/.config/discord/0.0.46/modules/pending/discord_desktop_core-1.zip: 85%
2024-07-05T16:24:40.987Z [Modules] Streaming discord_desktop_core@1 to /home/siddharth/.config/discord/0.0.46/modules/pending/discord_desktop_core-1.zip: 86%
2024-07-05T16:24:41.046Z [Modules] Streaming discord_desktop_core@1 to /home/siddharth/.config/discord/0.0.46/modules/pending/discord_desktop_core-1.zip: 87%
2024-07-05T16:24:41.189Z [Modules] Streaming discord_desktop_core@1 to /home/siddharth/.config/discord/0.0.46/modules/pending/discord_desktop_core-1.zip: 88%
2024-07-05T16:24:41.205Z [Modules] Streaming discord_desktop_core@1 to /home/siddharth/.config/discord/0.0.46/modules/pending/discord_desktop_core-1.zip: 89%
2024-07-05T16:24:41.244Z [Modules] Streaming discord_desktop_core@1 to /home/siddharth/.config/discord/0.0.46/modules/pending/discord_desktop_core-1.zip: 92%
2024-07-05T16:24:41.374Z [Modules] Streaming discord_desktop_core@1 to /home/siddharth/.config/discord/0.0.46/modules/pending/discord_desktop_core-1.zip: 95%
2024-07-05T16:24:41.378Z [Modules] Streaming discord_desktop_core@1 to /home/siddharth/.config/discord/0.0.46/modules/pending/discord_desktop_core-1.zip: 96%
2024-07-05T16:24:41.418Z [Modules] Streaming discord_desktop_core@1 to /home/siddharth/.config/discord/0.0.46/modules/pending/discord_desktop_core-1.zip: 97%
2024-07-05T16:24:41.441Z [Modules] Streaming discord_desktop_core@1 to /home/siddharth/.config/discord/0.0.46/modules/pending/discord_desktop_core-1.zip: 98%
2024-07-05T16:24:41.470Z [Modules] Streaming discord_desktop_core@1 to /home/siddharth/.config/discord/0.0.46/modules/pending/discord_desktop_core-1.zip: 99%
2024-07-05T16:24:41.509Z [Modules] Streaming discord_desktop_core@1 to /home/siddharth/.config/discord/0.0.46/modules/pending/discord_desktop_core-1.zip: 100%
2024-07-05T16:24:41.512Z [Modules] Fetching discord_erlpack@1 from https://discord.com/api/modules/stable/discord_erlpack/1
2024-07-05T16:24:41.512Z [Modules] Streaming discord_erlpack@1 to /home/siddharth/.config/discord/0.0.46/modules/pending/discord_erlpack-1.zip
2024-07-05T16:24:42.917Z [Modules] Streaming discord_erlpack@1 to /home/siddharth/.config/discord/0.0.46/modules/pending/discord_erlpack-1.zip: 1%
2024-07-05T16:24:43.029Z [Modules] Streaming discord_erlpack@1 to /home/siddharth/.config/discord/0.0.46/modules/pending/discord_erlpack-1.zip: 2%
2024-07-05T16:24:43.150Z [Modules] Streaming discord_erlpack@1 to /home/siddharth/.config/discord/0.0.46/modules/pending/discord_erlpack-1.zip: 4%
2024-07-05T16:24:43.306Z [Modules] Streaming discord_erlpack@1 to /home/siddharth/.config/discord/0.0.46/modules/pending/discord_erlpack-1.zip: 8%
2024-07-05T16:24:43.353Z [Modules] Streaming discord_erlpack@1 to /home/siddharth/.config/discord/0.0.46/modules/pending/discord_erlpack-1.zip: 10%
2024-07-05T16:24:43.428Z [Modules] Streaming discord_erlpack@1 to /home/siddharth/.config/discord/0.0.46/modules/pending/discord_erlpack-1.zip: 11%
2024-07-05T16:24:43.464Z [Modules] Streaming discord_erlpack@1 to /home/siddharth/.config/discord/0.0.46/modules/pending/discord_erlpack-1.zip: 12%
2024-07-05T16:24:43.493Z [Modules] Streaming discord_erlpack@1 to /home/siddharth/.config/discord/0.0.46/modules/pending/discord_erlpack-1.zip: 13%
2024-07-05T16:24:43.513Z [Modules] Streaming discord_erlpack@1 to /home/siddharth/.config/discord/0.0.46/modules/pending/discord_erlpack-1.zip: 16%
2024-07-05T16:24:43.641Z [Modules] Streaming discord_erlpack@1 to /home/siddharth/.config/discord/0.0.46/modules/pending/discord_erlpack-1.zip: 17%
2024-07-05T16:24:43.681Z [Modules] Streaming discord_erlpack@1 to /home/siddharth/.config/discord/0.0.46/modules/pending/discord_erlpack-1.zip: 18%
2024-07-05T16:24:43.687Z [Modules] Streaming discord_erlpack@1 to /home/siddharth/.config/discord/0.0.46/modules/pending/discord_erlpack-1.zip: 19%
2024-07-05T16:24:43.739Z [Modules] Streaming discord_erlpack@1 to /home/siddharth/.config/discord/0.0.46/modules/pending/discord_erlpack-1.zip: 21%
2024-07-05T16:24:43.798Z [Modules] Streaming discord_erlpack@1 to /home/siddharth/.config/discord/0.0.46/modules/pending/discord_erlpack-1.zip: 22%
2024-07-05T16:24:43.854Z [Modules] Streaming discord_erlpack@1 to /home/siddharth/.config/discord/0.0.46/modules/pending/discord_erlpack-1.zip: 23%
2024-07-05T16:24:43.883Z [Modules] Streaming discord_erlpack@1 to /home/siddharth/.config/discord/0.0.46/modules/pending/discord_erlpack-1.zip: 24%
2024-07-05T16:24:43.912Z [Modules] Streaming discord_erlpack@1 to /home/siddharth/.config/discord/0.0.46/modules/pending/discord_erlpack-1.zip: 25%
2024-07-05T16:24:43.942Z [Modules] Streaming discord_erlpack@1 to /home/siddharth/.config/discord/0.0.46/modules/pending/discord_erlpack-1.zip: 26%
2024-07-05T16:24:43.970Z [Modules] Streaming discord_erlpack@1 to /home/siddharth/.config/discord/0.0.46/modules/pending/discord_erlpack-1.zip: 27%
2024-07-05T16:24:44.037Z [Modules] Streaming discord_erlpack@1 to /home/siddharth/.config/discord/0.0.46/modules/pending/discord_erlpack-1.zip: 28%
2024-07-05T16:24:44.098Z [Modules] Streaming discord_erlpack@1 to /home/siddharth/.config/discord/0.0.46/modules/pending/discord_erlpack-1.zip: 30%
2024-07-05T16:24:44.255Z [Modules] Streaming discord_erlpack@1 to /home/siddharth/.config/discord/0.0.46/modules/pending/discord_erlpack-1.zip: 32%
2024-07-05T16:24:44.320Z [Modules] Streaming discord_erlpack@1 to /home/siddharth/.config/discord/0.0.46/modules/pending/discord_erlpack-1.zip: 35%
2024-07-05T16:24:44.441Z [Modules] Streaming discord_erlpack@1 to /home/siddharth/.config/discord/0.0.46/modules/pending/discord_erlpack-1.zip: 39%
2024-07-05T16:24:44.442Z [Modules] Streaming discord_erlpack@1 to /home/siddharth/.config/discord/0.0.46/modules/pending/discord_erlpack-1.zip: 40%
2024-07-05T16:24:44.504Z [Modules] Streaming discord_erlpack@1 to /home/siddharth/.config/discord/0.0.46/modules/pending/discord_erlpack-1.zip: 41%
2024-07-05T16:24:44.543Z [Modules] Streaming discord_erlpack@1 to /home/siddharth/.config/discord/0.0.46/modules/pending/discord_erlpack-1.zip: 42%
2024-07-05T16:24:44.576Z [Modules] Streaming discord_erlpack@1 to /home/siddharth/.config/discord/0.0.46/modules/pending/discord_erlpack-1.zip: 43%
2024-07-05T16:24:44.605Z [Modules] Streaming discord_erlpack@1 to /home/siddharth/.config/discord/0.0.46/modules/pending/discord_erlpack-1.zip: 44%
2024-07-05T16:24:44.645Z [Modules] Streaming discord_erlpack@1 to /home/siddharth/.config/discord/0.0.46/modules/pending/discord_erlpack-1.zip: 45%
2024-07-05T16:24:44.749Z [Modules] Streaming discord_erlpack@1 to /home/siddharth/.config/discord/0.0.46/modules/pending/discord_erlpack-1.zip: 47%
2024-07-05T16:24:44.782Z [Modules] Streaming discord_erlpack@1 to /home/siddharth/.config/discord/0.0.46/modules/pending/discord_erlpack-1.zip: 49%
2024-07-05T16:24:44.834Z [Modules] Streaming discord_erlpack@1 to /home/siddharth/.config/discord/0.0.46/modules/pending/discord_erlpack-1.zip: 50%
2024-07-05T16:24:44.880Z [Modules] Streaming discord_erlpack@1 to /home/siddharth/.config/discord/0.0.46/modules/pending/discord_erlpack-1.zip: 51%
2024-07-05T16:24:44.926Z [Modules] Streaming discord_erlpack@1 to /home/siddharth/.config/discord/0.0.46/modules/pending/discord_erlpack-1.zip: 52%
2024-07-05T16:24:45.065Z [Modules] Streaming discord_erlpack@1 to /home/siddharth/.config/discord/0.0.46/modules/pending/discord_erlpack-1.zip: 55%
2024-07-05T16:24:45.075Z [Modules] Streaming discord_erlpack@1 to /home/siddharth/.config/discord/0.0.46/modules/pending/discord_erlpack-1.zip: 56%
2024-07-05T16:24:45.225Z [Modules] Streaming discord_erlpack@1 to /home/siddharth/.config/discord/0.0.46/modules/pending/discord_erlpack-1.zip: 57%
2024-07-05T16:24:45.274Z [Modules] Streaming discord_erlpack@1 to /home/siddharth/.config/discord/0.0.46/modules/pending/discord_erlpack-1.zip: 59%
2024-07-05T16:24:45.391Z [Modules] Streaming discord_erlpack@1 to /home/siddharth/.config/discord/0.0.46/modules/pending/discord_erlpack-1.zip: 63%
2024-07-05T16:24:45.448Z [Modules] Streaming discord_erlpack@1 to /home/siddharth/.config/discord/0.0.46/modules/pending/discord_erlpack-1.zip: 66%
2024-07-05T16:24:45.471Z [Modules] Streaming discord_erlpack@1 to /home/siddharth/.config/discord/0.0.46/modules/pending/discord_erlpack-1.zip: 67%
2024-07-05T16:24:45.702Z [Modules] Streaming discord_erlpack@1 to /home/siddharth/.config/discord/0.0.46/modules/pending/discord_erlpack-1.zip: 70%
2024-07-05T16:24:45.739Z [Modules] Streaming discord_erlpack@1 to /home/siddharth/.config/discord/0.0.46/modules/pending/discord_erlpack-1.zip: 72%
2024-07-05T16:24:45.797Z [Modules] Streaming discord_erlpack@1 to /home/siddharth/.config/discord/0.0.46/modules/pending/discord_erlpack-1.zip: 74%
2024-07-05T16:24:45.853Z [Modules] Streaming discord_erlpack@1 to /home/siddharth/.config/discord/0.0.46/modules/pending/discord_erlpack-1.zip: 76%
2024-07-05T16:24:45.960Z [Modules] Streaming discord_erlpack@1 to /home/siddharth/.config/discord/0.0.46/modules/pending/discord_erlpack-1.zip: 77%
2024-07-05T16:24:46.020Z [Modules] Streaming discord_erlpack@1 to /home/siddharth/.config/discord/0.0.46/modules/pending/discord_erlpack-1.zip: 78%
2024-07-05T16:24:46.131Z [Modules] Streaming discord_erlpack@1 to /home/siddharth/.config/discord/0.0.46/modules/pending/discord_erlpack-1.zip: 79%
2024-07-05T16:24:46.264Z [Modules] Streaming discord_erlpack@1 to /home/siddharth/.config/discord/0.0.46/modules/pending/discord_erlpack-1.zip: 82%
2024-07-05T16:24:46.373Z [Modules] Streaming discord_erlpack@1 to /home/siddharth/.config/discord/0.0.46/modules/pending/discord_erlpack-1.zip: 85%
2024-07-05T16:24:46.376Z [Modules] Streaming discord_erlpack@1 to /home/siddharth/.config/discord/0.0.46/modules/pending/discord_erlpack-1.zip: 87%
2024-07-05T16:24:46.469Z [Modules] Streaming discord_erlpack@1 to /home/siddharth/.config/discord/0.0.46/modules/pending/discord_erlpack-1.zip: 88%
2024-07-05T16:24:46.615Z [Modules] Streaming discord_erlpack@1 to /home/siddharth/.config/discord/0.0.46/modules/pending/discord_erlpack-1.zip: 92%
2024-07-05T16:24:46.645Z [Modules] Streaming discord_erlpack@1 to /home/siddharth/.config/discord/0.0.46/modules/pending/discord_erlpack-1.zip: 93%
2024-07-05T16:24:46.702Z [Modules] Streaming discord_erlpack@1 to /home/siddharth/.config/discord/0.0.46/modules/pending/discord_erlpack-1.zip: 94%
2024-07-05T16:24:46.737Z [Modules] Streaming discord_erlpack@1 to /home/siddharth/.config/discord/0.0.46/modules/pending/discord_erlpack-1.zip: 95%
2024-07-05T16:24:46.792Z [Modules] Streaming discord_erlpack@1 to /home/siddharth/.config/discord/0.0.46/modules/pending/discord_erlpack-1.zip: 96%
2024-07-05T16:24:46.934Z [Modules] Streaming discord_erlpack@1 to /home/siddharth/.config/discord/0.0.46/modules/pending/discord_erlpack-1.zip: 98%
2024-07-05T16:24:46.954Z [Modules] Streaming discord_erlpack@1 to /home/siddharth/.config/discord/0.0.46/modules/pending/discord_erlpack-1.zip: 100%
2024-07-05T16:24:46.957Z [Modules] Fetching discord_spellcheck@1 from https://discord.com/api/modules/stable/discord_spellcheck/1
2024-07-05T16:24:46.957Z [Modules] Streaming discord_spellcheck@1 to /home/siddharth/.config/discord/0.0.46/modules/pending/discord_spellcheck-1.zip
2024-07-05T16:24:48.554Z [Modules] Streaming discord_spellcheck@1 to /home/siddharth/.config/discord/0.0.46/modules/pending/discord_spellcheck-1.zip: 1%
2024-07-05T16:24:48.737Z [Modules] Streaming discord_spellcheck@1 to /home/siddharth/.config/discord/0.0.46/modules/pending/discord_spellcheck-1.zip: 2%
2024-07-05T16:24:49.059Z [Modules] Streaming discord_spellcheck@1 to /home/siddharth/.config/discord/0.0.46/modules/pending/discord_spellcheck-1.zip: 3%
2024-07-05T16:24:49.266Z [Modules] Streaming discord_spellcheck@1 to /home/siddharth/.config/discord/0.0.46/modules/pending/discord_spellcheck-1.zip: 4%
2024-07-05T16:24:49.810Z [Modules] Streaming discord_spellcheck@1 to /home/siddharth/.config/discord/0.0.46/modules/pending/discord_spellcheck-1.zip: 5%
2024-07-05T16:24:49.811Z [Modules] Streaming discord_spellcheck@1 to /home/siddharth/.config/discord/0.0.46/modules/pending/discord_spellcheck-1.zip: 6%
2024-07-05T16:24:50.453Z [Modules] Streaming discord_spellcheck@1 to /home/siddharth/.config/discord/0.0.46/modules/pending/discord_spellcheck-1.zip: 7%
2024-07-05T16:24:50.455Z [Modules] Streaming discord_spellcheck@1 to /home/siddharth/.config/discord/0.0.46/modules/pending/discord_spellcheck-1.zip: 8%
2024-07-05T16:24:50.695Z [Modules] Streaming discord_spellcheck@1 to /home/siddharth/.config/discord/0.0.46/modules/pending/discord_spellcheck-1.zip: 9%
2024-07-05T16:24:50.888Z [Modules] Streaming discord_spellcheck@1 to /home/siddharth/.config/discord/0.0.46/modules/pending/discord_spellcheck-1.zip: 10%
2024-07-05T16:24:51.232Z [Modules] Streaming discord_spellcheck@1 to /home/siddharth/.config/discord/0.0.46/modules/pending/discord_spellcheck-1.zip: 11%
2024-07-05T16:24:51.441Z [Modules] Streaming discord_spellcheck@1 to /home/siddharth/.config/discord/0.0.46/modules/pending/discord_spellcheck-1.zip: 12%
2024-07-05T16:24:51.884Z [Modules] Streaming discord_spellcheck@1 to /home/siddharth/.config/discord/0.0.46/modules/pending/discord_spellcheck-1.zip: 13%
2024-07-05T16:24:51.891Z [Modules] Streaming discord_spellcheck@1 to /home/siddharth/.config/discord/0.0.46/modules/pending/discord_spellcheck-1.zip: 14%
2024-07-05T16:24:52.083Z [Modules] Streaming discord_spellcheck@1 to /home/siddharth/.config/discord/0.0.46/modules/pending/discord_spellcheck-1.zip: 15%
2024-07-05T16:24:52.280Z [Modules] Streaming discord_spellcheck@1 to /home/siddharth/.config/discord/0.0.46/modules/pending/discord_spellcheck-1.zip: 16%
2024-07-05T16:24:52.553Z [Modules] Streaming discord_spellcheck@1 to /home/siddharth/.config/discord/0.0.46/modules/pending/discord_spellcheck-1.zip: 17%
2024-07-05T16:24:52.749Z [Modules] Streaming discord_spellcheck@1 to /home/siddharth/.config/discord/0.0.46/modules/pending/discord_spellcheck-1.zip: 18%
2024-07-05T16:24:53.001Z [Modules] Streaming discord_spellcheck@1 to /home/siddharth/.config/discord/0.0.46/modules/pending/discord_spellcheck-1.zip: 19%
2024-07-05T16:24:53.195Z [Modules] Streaming discord_spellcheck@1 to /home/siddharth/.config/discord/0.0.46/modules/pending/discord_spellcheck-1.zip: 20%
2024-07-05T16:24:53.389Z [Modules] Streaming discord_spellcheck@1 to /home/siddharth/.config/discord/0.0.46/modules/pending/discord_spellcheck-1.zip: 21%
2024-07-05T16:24:53.762Z [Modules] Streaming discord_spellcheck@1 to /home/siddharth/.config/discord/0.0.46/modules/pending/discord_spellcheck-1.zip: 22%
2024-07-05T16:24:53.855Z [Modules] Streaming discord_spellcheck@1 to /home/siddharth/.config/discord/0.0.46/modules/pending/discord_spellcheck-1.zip: 23%
2024-07-05T16:24:54.086Z [Modules] Streaming discord_spellcheck@1 to /home/siddharth/.config/discord/0.0.46/modules/pending/discord_spellcheck-1.zip: 24%
2024-07-05T16:24:54.351Z [Modules] Streaming discord_spellcheck@1 to /home/siddharth/.config/discord/0.0.46/modules/pending/discord_spellcheck-1.zip: 25%
2024-07-05T16:24:54.483Z [Modules] Streaming discord_spellcheck@1 to /home/siddharth/.config/discord/0.0.46/modules/pending/discord_spellcheck-1.zip: 26%
2024-07-05T16:24:54.689Z [Modules] Streaming discord_spellcheck@1 to /home/siddharth/.config/discord/0.0.46/modules/pending/discord_spellcheck-1.zip: 27%
2024-07-05T16:24:55.106Z [Modules] Streaming discord_spellcheck@1 to /home/siddharth/.config/discord/0.0.46/modules/pending/discord_spellcheck-1.zip: 28%
2024-07-05T16:24:55.162Z [Modules] Streaming discord_spellcheck@1 to /home/siddharth/.config/discord/0.0.46/modules/pending/discord_spellcheck-1.zip: 29%
2024-07-05T16:24:55.355Z [Modules] Streaming discord_spellcheck@1 to /home/siddharth/.config/discord/0.0.46/modules/pending/discord_spellcheck-1.zip: 30%
2024-07-05T16:24:55.567Z [Modules] Streaming discord_spellcheck@1 to /home/siddharth/.config/discord/0.0.46/modules/pending/discord_spellcheck-1.zip: 31%
2024-07-05T16:24:55.880Z [Modules] Streaming discord_spellcheck@1 to /home/siddharth/.config/discord/0.0.46/modules/pending/discord_spellcheck-1.zip: 32%
2024-07-05T16:24:56.124Z [Modules] Streaming discord_spellcheck@1 to /home/siddharth/.config/discord/0.0.46/modules/pending/discord_spellcheck-1.zip: 33%
2024-07-05T16:24:56.234Z [Modules] Streaming discord_spellcheck@1 to /home/siddharth/.config/discord/0.0.46/modules/pending/discord_spellcheck-1.zip: 34%
2024-07-05T16:24:56.465Z [Modules] Streaming discord_spellcheck@1 to /home/siddharth/.config/discord/0.0.46/modules/pending/discord_spellcheck-1.zip: 35%
2024-07-05T16:24:56.826Z [Modules] Streaming discord_spellcheck@1 to /home/siddharth/.config/discord/0.0.46/modules/pending/discord_spellcheck-1.zip: 36%
2024-07-05T16:24:57.041Z [Modules] Streaming discord_spellcheck@1 to /home/siddharth/.config/discord/0.0.46/modules/pending/discord_spellcheck-1.zip: 37%
2024-07-05T16:24:57.213Z [Modules] Streaming discord_spellcheck@1 to /home/siddharth/.config/discord/0.0.46/modules/pending/discord_spellcheck-1.zip: 38%
2024-07-05T16:24:57.512Z [Modules] Streaming discord_spellcheck@1 to /home/siddharth/.config/discord/0.0.46/modules/pending/discord_spellcheck-1.zip: 39%
2024-07-05T16:24:57.813Z [Modules] Streaming discord_spellcheck@1 to /home/siddharth/.config/discord/0.0.46/modules/pending/discord_spellcheck-1.zip: 40%
2024-07-05T16:24:58.104Z [Modules] Streaming discord_spellcheck@1 to /home/siddharth/.config/discord/0.0.46/modules/pending/discord_spellcheck-1.zip: 41%
2024-07-05T16:24:58.267Z [Modules] Streaming discord_spellcheck@1 to /home/siddharth/.config/discord/0.0.46/modules/pending/discord_spellcheck-1.zip: 42%
2024-07-05T16:24:58.563Z [Modules] Streaming discord_spellcheck@1 to /home/siddharth/.config/discord/0.0.46/modules/pending/discord_spellcheck-1.zip: 43%
2024-07-05T16:24:58.857Z [Modules] Streaming discord_spellcheck@1 to /home/siddharth/.config/discord/0.0.46/modules/pending/discord_spellcheck-1.zip: 44%
2024-07-05T16:24:59.323Z [Modules] Streaming discord_spellcheck@1 to /home/siddharth/.config/discord/0.0.46/modules/pending/discord_spellcheck-1.zip: 45%
2024-07-05T16:24:59.527Z [Modules] Streaming discord_spellcheck@1 to /home/siddharth/.config/discord/0.0.46/modules/pending/discord_spellcheck-1.zip: 46%
2024-07-05T16:24:59.814Z [Modules] Streaming discord_spellcheck@1 to /home/siddharth/.config/discord/0.0.46/modules/pending/discord_spellcheck-1.zip: 47%
2024-07-05T16:25:00.122Z [Modules] Streaming discord_spellcheck@1 to /home/siddharth/.config/discord/0.0.46/modules/pending/discord_spellcheck-1.zip: 48%
2024-07-05T16:25:00.316Z [Modules] Streaming discord_spellcheck@1 to /home/siddharth/.config/discord/0.0.46/modules/pending/discord_spellcheck-1.zip: 49%
2024-07-05T16:25:00.615Z [Modules] Streaming discord_spellcheck@1 to /home/siddharth/.config/discord/0.0.46/modules/pending/discord_spellcheck-1.zip: 50%
2024-07-05T16:25:01.047Z [Modules] Streaming discord_spellcheck@1 to /home/siddharth/.config/discord/0.0.46/modules/pending/discord_spellcheck-1.zip: 51%
2024-07-05T16:25:01.315Z [Modules] Streaming discord_spellcheck@1 to /home/siddharth/.config/discord/0.0.46/modules/pending/discord_spellcheck-1.zip: 52%
2024-07-05T16:25:01.789Z [Modules] Streaming discord_spellcheck@1 to /home/siddharth/.config/discord/0.0.46/modules/pending/discord_spellcheck-1.zip: 53%
2024-07-05T16:25:01.971Z [Modules] Streaming discord_spellcheck@1 to /home/siddharth/.config/discord/0.0.46/modules/pending/discord_spellcheck-1.zip: 54%
2024-07-05T16:25:02.314Z [Modules] Streaming discord_spellcheck@1 to /home/siddharth/.config/discord/0.0.46/modules/pending/discord_spellcheck-1.zip: 55%
2024-07-05T16:25:02.761Z [Modules] Streaming discord_spellcheck@1 to /home/siddharth/.config/discord/0.0.46/modules/pending/discord_spellcheck-1.zip: 56%
2024-07-05T16:25:02.960Z [Modules] Streaming discord_spellcheck@1 to /home/siddharth/.config/discord/0.0.46/modules/pending/discord_spellcheck-1.zip: 57%
2024-07-05T16:25:03.343Z [Modules] Streaming discord_spellcheck@1 to /home/siddharth/.config/discord/0.0.46/modules/pending/discord_spellcheck-1.zip: 58%
2024-07-05T16:25:03.573Z [Modules] Streaming discord_spellcheck@1 to /home/siddharth/.config/discord/0.0.46/modules/pending/discord_spellcheck-1.zip: 59%
2024-07-05T16:25:03.854Z [Modules] Streaming discord_spellcheck@1 to /home/siddharth/.config/discord/0.0.46/modules/pending/discord_spellcheck-1.zip: 60%
2024-07-05T16:25:04.248Z [Modules] Streaming discord_spellcheck@1 to /home/siddharth/.config/discord/0.0.46/modules/pending/discord_spellcheck-1.zip: 61%
2024-07-05T16:25:04.521Z [Modules] Streaming discord_spellcheck@1 to /home/siddharth/.config/discord/0.0.46/modules/pending/discord_spellcheck-1.zip: 62%
2024-07-05T16:25:04.726Z [Modules] Streaming discord_spellcheck@1 to /home/siddharth/.config/discord/0.0.46/modules/pending/discord_spellcheck-1.zip: 63%
2024-07-05T16:25:05.030Z [Modules] Streaming discord_spellcheck@1 to /home/siddharth/.config/discord/0.0.46/modules/pending/discord_spellcheck-1.zip: 64%
2024-07-05T16:25:05.295Z [Modules] Streaming discord_spellcheck@1 to /home/siddharth/.config/discord/0.0.46/modules/pending/discord_spellcheck-1.zip: 65%
2024-07-05T16:25:05.543Z [Modules] Streaming discord_spellcheck@1 to /home/siddharth/.config/discord/0.0.46/modules/pending/discord_spellcheck-1.zip: 66%
2024-07-05T16:25:05.780Z [Modules] Streaming discord_spellcheck@1 to /home/siddharth/.config/discord/0.0.46/modules/pending/discord_spellcheck-1.zip: 67%
2024-07-05T16:25:06.067Z [Modules] Streaming discord_spellcheck@1 to /home/siddharth/.config/discord/0.0.46/modules/pending/discord_spellcheck-1.zip: 68%
2024-07-05T16:25:06.310Z [Modules] Streaming discord_spellcheck@1 to /home/siddharth/.config/discord/0.0.46/modules/pending/discord_spellcheck-1.zip: 69%
2024-07-05T16:25:06.621Z [Modules] Streaming discord_spellcheck@1 to /home/siddharth/.config/discord/0.0.46/modules/pending/discord_spellcheck-1.zip: 70%
2024-07-05T16:25:06.980Z [Modules] Streaming discord_spellcheck@1 to /home/siddharth/.config/discord/0.0.46/modules/pending/discord_spellcheck-1.zip: 71%
2024-07-05T16:25:07.108Z [Modules] Streaming discord_spellcheck@1 to /home/siddharth/.config/discord/0.0.46/modules/pending/discord_spellcheck-1.zip: 72%
2024-07-05T16:25:07.446Z [Modules] Streaming discord_spellcheck@1 to /home/siddharth/.config/discord/0.0.46/modules/pending/discord_spellcheck-1.zip: 73%
2024-07-05T16:25:07.768Z [Modules] Streaming discord_spellcheck@1 to /home/siddharth/.config/discord/0.0.46/modules/pending/discord_spellcheck-1.zip: 74%
2024-07-05T16:25:08.046Z [Modules] Streaming discord_spellcheck@1 to /home/siddharth/.config/discord/0.0.46/modules/pending/discord_spellcheck-1.zip: 75%
2024-07-05T16:25:08.342Z [Modules] Streaming discord_spellcheck@1 to /home/siddharth/.config/discord/0.0.46/modules/pending/discord_spellcheck-1.zip: 76%
2024-07-05T16:25:08.522Z [Modules] Streaming discord_spellcheck@1 to /home/siddharth/.config/discord/0.0.46/modules/pending/discord_spellcheck-1.zip: 77%
2024-07-05T16:25:08.800Z [Modules] Streaming discord_spellcheck@1 to /home/siddharth/.config/discord/0.0.46/modules/pending/discord_spellcheck-1.zip: 78%
2024-07-05T16:25:09.080Z [Modules] Streaming discord_spellcheck@1 to /home/siddharth/.config/discord/0.0.46/modules/pending/discord_spellcheck-1.zip: 79%
2024-07-05T16:25:09.306Z [Modules] Streaming discord_spellcheck@1 to /home/siddharth/.config/discord/0.0.46/modules/pending/discord_spellcheck-1.zip: 80%
2024-07-05T16:25:09.567Z [Modules] Streaming discord_spellcheck@1 to /home/siddharth/.config/discord/0.0.46/modules/pending/discord_spellcheck-1.zip: 81%
2024-07-05T16:25:09.800Z [Modules] Streaming discord_spellcheck@1 to /home/siddharth/.config/discord/0.0.46/modules/pending/discord_spellcheck-1.zip: 82%
2024-07-05T16:25:09.987Z [Modules] Streaming discord_spellcheck@1 to /home/siddharth/.config/discord/0.0.46/modules/pending/discord_spellcheck-1.zip: 83%
2024-07-05T16:25:10.279Z [Modules] Streaming discord_spellcheck@1 to /home/siddharth/.config/discord/0.0.46/modules/pending/discord_spellcheck-1.zip: 84%
2024-07-05T16:25:10.592Z [Modules] Streaming discord_spellcheck@1 to /home/siddharth/.config/discord/0.0.46/modules/pending/discord_spellcheck-1.zip: 85%
2024-07-05T16:25:10.849Z [Modules] Streaming discord_spellcheck@1 to /home/siddharth/.config/discord/0.0.46/modules/pending/discord_spellcheck-1.zip: 86%
2024-07-05T16:25:11.112Z [Modules] Streaming discord_spellcheck@1 to /home/siddharth/.config/discord/0.0.46/modules/pending/discord_spellcheck-1.zip: 87%
2024-07-05T16:25:11.380Z [Modules] Streaming discord_spellcheck@1 to /home/siddharth/.config/discord/0.0.46/modules/pending/discord_spellcheck-1.zip: 88%
2024-07-05T16:25:11.687Z [Modules] Streaming discord_spellcheck@1 to /home/siddharth/.config/discord/0.0.46/modules/pending/discord_spellcheck-1.zip: 89%
2024-07-05T16:25:11.877Z [Modules] Streaming discord_spellcheck@1 to /home/siddharth/.config/discord/0.0.46/modules/pending/discord_spellcheck-1.zip: 90%
2024-07-05T16:25:12.182Z [Modules] Streaming discord_spellcheck@1 to /home/siddharth/.config/discord/0.0.46/modules/pending/discord_spellcheck-1.zip: 91%
2024-07-05T16:25:12.334Z [Modules] Streaming discord_spellcheck@1 to /home/siddharth/.config/discord/0.0.46/modules/pending/discord_spellcheck-1.zip: 92%
2024-07-05T16:25:12.541Z [Modules] Streaming discord_spellcheck@1 to /home/siddharth/.config/discord/0.0.46/modules/pending/discord_spellcheck-1.zip: 93%
2024-07-05T16:25:12.700Z [Modules] Streaming discord_spellcheck@1 to /home/siddharth/.config/discord/0.0.46/modules/pending/discord_spellcheck-1.zip: 94%
2024-07-05T16:25:12.897Z [Modules] Streaming discord_spellcheck@1 to /home/siddharth/.config/discord/0.0.46/modules/pending/discord_spellcheck-1.zip: 95%
2024-07-05T16:25:13.094Z [Modules] Streaming discord_spellcheck@1 to /home/siddharth/.config/discord/0.0.46/modules/pending/discord_spellcheck-1.zip: 96%
2024-07-05T16:25:13.255Z [Modules] Streaming discord_spellcheck@1 to /home/siddharth/.config/discord/0.0.46/modules/pending/discord_spellcheck-1.zip: 97%
2024-07-05T16:25:13.401Z [Modules] Streaming discord_spellcheck@1 to /home/siddharth/.config/discord/0.0.46/modules/pending/discord_spellcheck-1.zip: 98%
2024-07-05T16:25:13.673Z [Modules] Streaming discord_spellcheck@1 to /home/siddharth/.config/discord/0.0.46/modules/pending/discord_spellcheck-1.zip: 99%
2024-07-05T16:25:13.724Z [Modules] Streaming discord_spellcheck@1 to /home/siddharth/.config/discord/0.0.46/modules/pending/discord_spellcheck-1.zip: 100%
2024-07-05T16:25:13.726Z [Modules] Fetching discord_utils@1 from https://discord.com/api/modules/stable/discord_utils/1
2024-07-05T16:25:13.726Z [Modules] Streaming discord_utils@1 to /home/siddharth/.config/discord/0.0.46/modules/pending/discord_utils-1.zip
2024-07-05T16:25:15.023Z [Modules] Streaming discord_utils@1 to /home/siddharth/.config/discord/0.0.46/modules/pending/discord_utils-1.zip: 1%
2024-07-05T16:25:15.134Z [Modules] Streaming discord_utils@1 to /home/siddharth/.config/discord/0.0.46/modules/pending/discord_utils-1.zip: 2%
2024-07-05T16:25:15.186Z [Modules] Streaming discord_utils@1 to /home/siddharth/.config/discord/0.0.46/modules/pending/discord_utils-1.zip: 3%
2024-07-05T16:25:15.329Z [Modules] Streaming discord_utils@1 to /home/siddharth/.config/discord/0.0.46/modules/pending/discord_utils-1.zip: 4%
2024-07-05T16:25:15.613Z [Modules] Streaming discord_utils@1 to /home/siddharth/.config/discord/0.0.46/modules/pending/discord_utils-1.zip: 6%
2024-07-05T16:25:15.614Z [Modules] Streaming discord_utils@1 to /home/siddharth/.config/discord/0.0.46/modules/pending/discord_utils-1.zip: 7%
2024-07-05T16:25:15.621Z [Modules] Streaming discord_utils@1 to /home/siddharth/.config/discord/0.0.46/modules/pending/discord_utils-1.zip: 8%
2024-07-05T16:25:15.699Z [Modules] Streaming discord_utils@1 to /home/siddharth/.config/discord/0.0.46/modules/pending/discord_utils-1.zip: 9%
2024-07-05T16:25:15.766Z [Modules] Streaming discord_utils@1 to /home/siddharth/.config/discord/0.0.46/modules/pending/discord_utils-1.zip: 10%
2024-07-05T16:25:15.838Z [Modules] Streaming discord_utils@1 to /home/siddharth/.config/discord/0.0.46/modules/pending/discord_utils-1.zip: 12%
2024-07-05T16:25:15.877Z [Modules] Streaming discord_utils@1 to /home/siddharth/.config/discord/0.0.46/modules/pending/discord_utils-1.zip: 13%
2024-07-05T16:25:15.978Z [Modules] Streaming discord_utils@1 to /home/siddharth/.config/discord/0.0.46/modules/pending/discord_utils-1.zip: 14%
2024-07-05T16:25:16.030Z [Modules] Streaming discord_utils@1 to /home/siddharth/.config/discord/0.0.46/modules/pending/discord_utils-1.zip: 15%
2024-07-05T16:25:16.119Z [Modules] Streaming discord_utils@1 to /home/siddharth/.config/discord/0.0.46/modules/pending/discord_utils-1.zip: 16%
2024-07-05T16:25:16.181Z [Modules] Streaming discord_utils@1 to /home/siddharth/.config/discord/0.0.46/modules/pending/discord_utils-1.zip: 17%
2024-07-05T16:25:16.244Z [Modules] Streaming discord_utils@1 to /home/siddharth/.config/discord/0.0.46/modules/pending/discord_utils-1.zip: 18%
2024-07-05T16:25:16.619Z [Modules] Streaming discord_utils@1 to /home/siddharth/.config/discord/0.0.46/modules/pending/discord_utils-1.zip: 20%
2024-07-05T16:25:16.620Z [Modules] Streaming discord_utils@1 to /home/siddharth/.config/discord/0.0.46/modules/pending/discord_utils-1.zip: 22%
2024-07-05T16:25:16.663Z [Modules] Streaming discord_utils@1 to /home/siddharth/.config/discord/0.0.46/modules/pending/discord_utils-1.zip: 24%
2024-07-05T16:25:16.719Z [Modules] Streaming discord_utils@1 to /home/siddharth/.config/discord/0.0.46/modules/pending/discord_utils-1.zip: 25%
2024-07-05T16:25:16.774Z [Modules] Streaming discord_utils@1 to /home/siddharth/.config/discord/0.0.46/modules/pending/discord_utils-1.zip: 26%
2024-07-05T16:25:16.899Z [Modules] Streaming discord_utils@1 to /home/siddharth/.config/discord/0.0.46/modules/pending/discord_utils-1.zip: 28%
2024-07-05T16:25:17.032Z [Modules] Streaming discord_utils@1 to /home/siddharth/.config/discord/0.0.46/modules/pending/discord_utils-1.zip: 29%
2024-07-05T16:25:17.088Z [Modules] Streaming discord_utils@1 to /home/siddharth/.config/discord/0.0.46/modules/pending/discord_utils-1.zip: 30%
2024-07-05T16:25:17.133Z [Modules] Streaming discord_utils@1 to /home/siddharth/.config/discord/0.0.46/modules/pending/discord_utils-1.zip: 31%
2024-07-05T16:25:17.198Z [Modules] Streaming discord_utils@1 to /home/siddharth/.config/discord/0.0.46/modules/pending/discord_utils-1.zip: 32%
2024-07-05T16:25:17.260Z [Modules] Streaming discord_utils@1 to /home/siddharth/.config/discord/0.0.46/modules/pending/discord_utils-1.zip: 33%
2024-07-05T16:25:17.335Z [Modules] Streaming discord_utils@1 to /home/siddharth/.config/discord/0.0.46/modules/pending/discord_utils-1.zip: 34%
2024-07-05T16:25:17.374Z [Modules] Streaming discord_utils@1 to /home/siddharth/.config/discord/0.0.46/modules/pending/discord_utils-1.zip: 35%
2024-07-05T16:25:17.469Z [Modules] Streaming discord_utils@1 to /home/siddharth/.config/discord/0.0.46/modules/pending/discord_utils-1.zip: 36%
2024-07-05T16:25:17.496Z [Modules] Streaming discord_utils@1 to /home/siddharth/.config/discord/0.0.46/modules/pending/discord_utils-1.zip: 37%
2024-07-05T16:25:17.695Z [Modules] Streaming discord_utils@1 to /home/siddharth/.config/discord/0.0.46/modules/pending/discord_utils-1.zip: 39%
2024-07-05T16:25:17.737Z [Modules] Streaming discord_utils@1 to /home/siddharth/.config/discord/0.0.46/modules/pending/discord_utils-1.zip: 40%
2024-07-05T16:25:17.785Z [Modules] Streaming discord_utils@1 to /home/siddharth/.config/discord/0.0.46/modules/pending/discord_utils-1.zip: 41%
2024-07-05T16:25:17.859Z [Modules] Streaming discord_utils@1 to /home/siddharth/.config/discord/0.0.46/modules/pending/discord_utils-1.zip: 42%
2024-07-05T16:25:17.982Z [Modules] Streaming discord_utils@1 to /home/siddharth/.config/discord/0.0.46/modules/pending/discord_utils-1.zip: 43%
2024-07-05T16:25:18.056Z [Modules] Streaming discord_utils@1 to /home/siddharth/.config/discord/0.0.46/modules/pending/discord_utils-1.zip: 44%
2024-07-05T16:25:18.071Z [Modules] Streaming discord_utils@1 to /home/siddharth/.config/discord/0.0.46/modules/pending/discord_utils-1.zip: 45%
2024-07-05T16:25:18.148Z [Modules] Streaming discord_utils@1 to /home/siddharth/.config/discord/0.0.46/modules/pending/discord_utils-1.zip: 46%
2024-07-05T16:25:18.207Z [Modules] Streaming discord_utils@1 to /home/siddharth/.config/discord/0.0.46/modules/pending/discord_utils-1.zip: 47%
2024-07-05T16:25:18.557Z [Modules] Streaming discord_utils@1 to /home/siddharth/.config/discord/0.0.46/modules/pending/discord_utils-1.zip: 49%
2024-07-05T16:25:18.558Z [Modules] Streaming discord_utils@1 to /home/siddharth/.config/discord/0.0.46/modules/pending/discord_utils-1.zip: 52%
2024-07-05T16:25:18.675Z [Modules] Streaming discord_utils@1 to /home/siddharth/.config/discord/0.0.46/modules/pending/discord_utils-1.zip: 53%
2024-07-05T16:25:18.684Z [Modules] Streaming discord_utils@1 to /home/siddharth/.config/discord/0.0.46/modules/pending/discord_utils-1.zip: 54%
2024-07-05T16:25:18.827Z [Modules] Streaming discord_utils@1 to /home/siddharth/.config/discord/0.0.46/modules/pending/discord_utils-1.zip: 56%
2024-07-05T16:25:19.104Z [Modules] Streaming discord_utils@1 to /home/siddharth/.config/discord/0.0.46/modules/pending/discord_utils-1.zip: 58%
2024-07-05T16:25:19.106Z [Modules] Streaming discord_utils@1 to /home/siddharth/.config/discord/0.0.46/modules/pending/discord_utils-1.zip: 60%
2024-07-05T16:25:19.236Z [Modules] Streaming discord_utils@1 to /home/siddharth/.config/discord/0.0.46/modules/pending/discord_utils-1.zip: 61%
2024-07-05T16:25:19.276Z [Modules] Streaming discord_utils@1 to /home/siddharth/.config/discord/0.0.46/modules/pending/discord_utils-1.zip: 62%
2024-07-05T16:25:19.284Z [Modules] Streaming discord_utils@1 to /home/siddharth/.config/discord/0.0.46/modules/pending/discord_utils-1.zip: 63%
2024-07-05T16:25:19.365Z [Modules] Streaming discord_utils@1 to /home/siddharth/.config/discord/0.0.46/modules/pending/discord_utils-1.zip: 64%
2024-07-05T16:25:19.488Z [Modules] Streaming discord_utils@1 to /home/siddharth/.config/discord/0.0.46/modules/pending/discord_utils-1.zip: 66%
2024-07-05T16:25:19.527Z [Modules] Streaming discord_utils@1 to /home/siddharth/.config/discord/0.0.46/modules/pending/discord_utils-1.zip: 67%
2024-07-05T16:25:19.608Z [Modules] Streaming discord_utils@1 to /home/siddharth/.config/discord/0.0.46/modules/pending/discord_utils-1.zip: 68%
2024-07-05T16:25:19.786Z [Modules] Streaming discord_utils@1 to /home/siddharth/.config/discord/0.0.46/modules/pending/discord_utils-1.zip: 70%
2024-07-05T16:25:19.787Z [Modules] Streaming discord_utils@1 to /home/siddharth/.config/discord/0.0.46/modules/pending/discord_utils-1.zip: 71%
2024-07-05T16:25:19.796Z [Modules] Streaming discord_utils@1 to /home/siddharth/.config/discord/0.0.46/modules/pending/discord_utils-1.zip: 72%
2024-07-05T16:25:19.951Z [Modules] Streaming discord_utils@1 to /home/siddharth/.config/discord/0.0.46/modules/pending/discord_utils-1.zip: 74%
2024-07-05T16:25:20.143Z [Modules] Streaming discord_utils@1 to /home/siddharth/.config/discord/0.0.46/modules/pending/discord_utils-1.zip: 75%
2024-07-05T16:25:20.153Z [Modules] Streaming discord_utils@1 to /home/siddharth/.config/discord/0.0.46/modules/pending/discord_utils-1.zip: 77%
2024-07-05T16:25:20.192Z [Modules] Streaming discord_utils@1 to /home/siddharth/.config/discord/0.0.46/modules/pending/discord_utils-1.zip: 78%
2024-07-05T16:25:20.334Z [Modules] Streaming discord_utils@1 to /home/siddharth/.config/discord/0.0.46/modules/pending/discord_utils-1.zip: 80%
2024-07-05T16:25:20.456Z [Modules] Streaming discord_utils@1 to /home/siddharth/.config/discord/0.0.46/modules/pending/discord_utils-1.zip: 82%
2024-07-05T16:25:20.541Z [Modules] Streaming discord_utils@1 to /home/siddharth/.config/discord/0.0.46/modules/pending/discord_utils-1.zip: 83%
2024-07-05T16:25:20.590Z [Modules] Streaming discord_utils@1 to /home/siddharth/.config/discord/0.0.46/modules/pending/discord_utils-1.zip: 84%
2024-07-05T16:25:20.663Z [Modules] Streaming discord_utils@1 to /home/siddharth/.config/discord/0.0.46/modules/pending/discord_utils-1.zip: 85%
2024-07-05T16:25:20.832Z [Modules] Streaming discord_utils@1 to /home/siddharth/.config/discord/0.0.46/modules/pending/discord_utils-1.zip: 87%
2024-07-05T16:25:20.960Z [Modules] Streaming discord_utils@1 to /home/siddharth/.config/discord/0.0.46/modules/pending/discord_utils-1.zip: 89%
2024-07-05T16:25:20.997Z [Modules] Streaming discord_utils@1 to /home/siddharth/.config/discord/0.0.46/modules/pending/discord_utils-1.zip: 90%
2024-07-05T16:25:21.049Z [Modules] Streaming discord_utils@1 to /home/siddharth/.config/discord/0.0.46/modules/pending/discord_utils-1.zip: 91%
2024-07-05T16:25:21.078Z [Modules] Streaming discord_utils@1 to /home/siddharth/.config/discord/0.0.46/modules/pending/discord_utils-1.zip: 92%
2024-07-05T16:25:21.175Z [Modules] Streaming discord_utils@1 to /home/siddharth/.config/discord/0.0.46/modules/pending/discord_utils-1.zip: 93%
2024-07-05T16:25:21.354Z [Modules] Streaming discord_utils@1 to /home/siddharth/.config/discord/0.0.46/modules/pending/discord_utils-1.zip: 95%
2024-07-05T16:25:21.458Z [Modules] Streaming discord_utils@1 to /home/siddharth/.config/discord/0.0.46/modules/pending/discord_utils-1.zip: 97%
2024-07-05T16:25:21.614Z [Modules] Streaming discord_utils@1 to /home/siddharth/.config/discord/0.0.46/modules/pending/discord_utils-1.zip: 98%
2024-07-05T16:25:21.719Z [Modules] Streaming discord_utils@1 to /home/siddharth/.config/discord/0.0.46/modules/pending/discord_utils-1.zip: 100%
2024-07-05T16:25:21.721Z [Modules] Fetching discord_voice@1 from https://discord.com/api/modules/stable/discord_voice/1
2024-07-05T16:25:21.721Z [Modules] Streaming discord_voice@1 to /home/siddharth/.config/discord/0.0.46/modules/pending/discord_voice-1.zip
2024-07-05T16:25:23.643Z [Modules] Streaming discord_voice@1 to /home/siddharth/.config/discord/0.0.46/modules/pending/discord_voice-1.zip: 1%
2024-07-05T16:25:24.348Z [Modules] Streaming discord_voice@1 to /home/siddharth/.config/discord/0.0.46/modules/pending/discord_voice-1.zip: 2%
2024-07-05T16:25:25.015Z [Modules] Streaming discord_voice@1 to /home/siddharth/.config/discord/0.0.46/modules/pending/discord_voice-1.zip: 3%
2024-07-05T16:25:25.757Z [Modules] Streaming discord_voice@1 to /home/siddharth/.config/discord/0.0.46/modules/pending/discord_voice-1.zip: 4%
2024-07-05T16:25:26.183Z [Modules] Streaming discord_voice@1 to /home/siddharth/.config/discord/0.0.46/modules/pending/discord_voice-1.zip: 5%
2024-07-05T16:25:26.728Z [Modules] Streaming discord_voice@1 to /home/siddharth/.config/discord/0.0.46/modules/pending/discord_voice-1.zip: 6%
2024-07-05T16:25:27.378Z [Modules] Streaming discord_voice@1 to /home/siddharth/.config/discord/0.0.46/modules/pending/discord_voice-1.zip: 7%
2024-07-05T16:25:27.696Z [Modules] Streaming discord_voice@1 to /home/siddharth/.config/discord/0.0.46/modules/pending/discord_voice-1.zip: 8%
2024-07-05T16:25:28.210Z [Modules] Streaming discord_voice@1 to /home/siddharth/.config/discord/0.0.46/modules/pending/discord_voice-1.zip: 9%
2024-07-05T16:25:28.701Z [Modules] Streaming discord_voice@1 to /home/siddharth/.config/discord/0.0.46/modules/pending/discord_voice-1.zip: 10%
2024-07-05T16:25:29.018Z [Modules] Streaming discord_voice@1 to /home/siddharth/.config/discord/0.0.46/modules/pending/discord_voice-1.zip: 11%
2024-07-05T16:25:29.470Z [Modules] Streaming discord_voice@1 to /home/siddharth/.config/discord/0.0.46/modules/pending/discord_voice-1.zip: 12%
2024-07-05T16:25:29.887Z [Modules] Streaming discord_voice@1 to /home/siddharth/.config/discord/0.0.46/modules/pending/discord_voice-1.zip: 13%
2024-07-05T16:25:30.205Z [Modules] Streaming discord_voice@1 to /home/siddharth/.config/discord/0.0.46/modules/pending/discord_voice-1.zip: 14%
2024-07-05T16:25:30.603Z [Modules] Streaming discord_voice@1 to /home/siddharth/.config/discord/0.0.46/modules/pending/discord_voice-1.zip: 15%
2024-07-05T16:25:30.934Z [Modules] Streaming discord_voice@1 to /home/siddharth/.config/discord/0.0.46/modules/pending/discord_voice-1.zip: 16%
2024-07-05T16:25:31.357Z [Modules] Streaming discord_voice@1 to /home/siddharth/.config/discord/0.0.46/modules/pending/discord_voice-1.zip: 17%
2024-07-05T16:25:31.624Z [Modules] Streaming discord_voice@1 to /home/siddharth/.config/discord/0.0.46/modules/pending/discord_voice-1.zip: 18%
2024-07-05T16:25:31.975Z [Modules] Streaming discord_voice@1 to /home/siddharth/.config/discord/0.0.46/modules/pending/discord_voice-1.zip: 19%
2024-07-05T16:25:32.215Z [Modules] Streaming discord_voice@1 to /home/siddharth/.config/discord/0.0.46/modules/pending/discord_voice-1.zip: 20%
2024-07-05T16:25:32.362Z [Modules] Streaming discord_voice@1 to /home/siddharth/.config/discord/0.0.46/modules/pending/discord_voice-1.zip: 21%
2024-07-05T16:25:32.575Z [Modules] Streaming discord_voice@1 to /home/siddharth/.config/discord/0.0.46/modules/pending/discord_voice-1.zip: 22%
2024-07-05T16:25:32.803Z [Modules] Streaming discord_voice@1 to /home/siddharth/.config/discord/0.0.46/modules/pending/discord_voice-1.zip: 23%
2024-07-05T16:25:33.128Z [Modules] Streaming discord_voice@1 to /home/siddharth/.config/discord/0.0.46/modules/pending/discord_voice-1.zip: 24%
2024-07-05T16:25:33.334Z [Modules] Streaming discord_voice@1 to /home/siddharth/.config/discord/0.0.46/modules/pending/discord_voice-1.zip: 25%
2024-07-05T16:25:33.535Z [Modules] Streaming discord_voice@1 to /home/siddharth/.config/discord/0.0.46/modules/pending/discord_voice-1.zip: 26%
2024-07-05T16:25:33.798Z [Modules] Streaming discord_voice@1 to /home/siddharth/.config/discord/0.0.46/modules/pending/discord_voice-1.zip: 27%
2024-07-05T16:25:34.033Z [Modules] Streaming discord_voice@1 to /home/siddharth/.config/discord/0.0.46/modules/pending/discord_voice-1.zip: 28%
2024-07-05T16:25:34.322Z [Modules] Streaming discord_voice@1 to /home/siddharth/.config/discord/0.0.46/modules/pending/discord_voice-1.zip: 29%
2024-07-05T16:25:34.502Z [Modules] Streaming discord_voice@1 to /home/siddharth/.config/discord/0.0.46/modules/pending/discord_voice-1.zip: 30%
2024-07-05T16:25:34.733Z [Modules] Streaming discord_voice@1 to /home/siddharth/.config/discord/0.0.46/modules/pending/discord_voice-1.zip: 31%
2024-07-05T16:25:34.943Z [Modules] Streaming discord_voice@1 to /home/siddharth/.config/discord/0.0.46/modules/pending/discord_voice-1.zip: 32%
2024-07-05T16:25:35.306Z [Modules] Streaming discord_voice@1 to /home/siddharth/.config/discord/0.0.46/modules/pending/discord_voice-1.zip: 33%
2024-07-05T16:25:35.607Z [Modules] Streaming discord_voice@1 to /home/siddharth/.config/discord/0.0.46/modules/pending/discord_voice-1.zip: 34%
2024-07-05T16:25:35.796Z [Modules] Streaming discord_voice@1 to /home/siddharth/.config/discord/0.0.46/modules/pending/discord_voice-1.zip: 35%
2024-07-05T16:25:36.166Z [Modules] Streaming discord_voice@1 to /home/siddharth/.config/discord/0.0.46/modules/pending/discord_voice-1.zip: 36%
2024-07-05T16:25:36.347Z [Modules] Streaming discord_voice@1 to /home/siddharth/.config/discord/0.0.46/modules/pending/discord_voice-1.zip: 37%
2024-07-05T16:25:36.785Z [Modules] Streaming discord_voice@1 to /home/siddharth/.config/discord/0.0.46/modules/pending/discord_voice-1.zip: 38%
2024-07-05T16:25:36.997Z [Modules] Streaming discord_voice@1 to /home/siddharth/.config/discord/0.0.46/modules/pending/discord_voice-1.zip: 39%
2024-07-05T16:25:37.321Z [Modules] Streaming discord_voice@1 to /home/siddharth/.config/discord/0.0.46/modules/pending/discord_voice-1.zip: 40%
2024-07-05T16:25:37.645Z [Modules] Streaming discord_voice@1 to /home/siddharth/.config/discord/0.0.46/modules/pending/discord_voice-1.zip: 41%
2024-07-05T16:25:37.802Z [Modules] Streaming discord_voice@1 to /home/siddharth/.config/discord/0.0.46/modules/pending/discord_voice-1.zip: 42%
2024-07-05T16:25:38.331Z [Modules] Streaming discord_voice@1 to /home/siddharth/.config/discord/0.0.46/modules/pending/discord_voice-1.zip: 43%
2024-07-05T16:25:38.449Z [Modules] Streaming discord_voice@1 to /home/siddharth/.config/discord/0.0.46/modules/pending/discord_voice-1.zip: 44%
2024-07-05T16:25:38.753Z [Modules] Streaming discord_voice@1 to /home/siddharth/.config/discord/0.0.46/modules/pending/discord_voice-1.zip: 45%
2024-07-05T16:25:39.034Z [Modules] Streaming discord_voice@1 to /home/siddharth/.config/discord/0.0.46/modules/pending/discord_voice-1.zip: 46%
2024-07-05T16:25:39.371Z [Modules] Streaming discord_voice@1 to /home/siddharth/.config/discord/0.0.46/modules/pending/discord_voice-1.zip: 47%
2024-07-05T16:25:39.622Z [Modules] Streaming discord_voice@1 to /home/siddharth/.config/discord/0.0.46/modules/pending/discord_voice-1.zip: 48%
2024-07-05T16:25:39.947Z [Modules] Streaming discord_voice@1 to /home/siddharth/.config/discord/0.0.46/modules/pending/discord_voice-1.zip: 49%
2024-07-05T16:25:40.427Z [Modules] Streaming discord_voice@1 to /home/siddharth/.config/discord/0.0.46/modules/pending/discord_voice-1.zip: 50%
2024-07-05T16:25:40.537Z [Modules] Streaming discord_voice@1 to /home/siddharth/.config/discord/0.0.46/modules/pending/discord_voice-1.zip: 51%
2024-07-05T16:25:40.815Z [Modules] Streaming discord_voice@1 to /home/siddharth/.config/discord/0.0.46/modules/pending/discord_voice-1.zip: 52%
2024-07-05T16:25:41.313Z [Modules] Streaming discord_voice@1 to /home/siddharth/.config/discord/0.0.46/modules/pending/discord_voice-1.zip: 53%
2024-07-05T16:25:41.555Z [Modules] Streaming discord_voice@1 to /home/siddharth/.config/discord/0.0.46/modules/pending/discord_voice-1.zip: 54%
2024-07-05T16:25:41.905Z [Modules] Streaming discord_voice@1 to /home/siddharth/.config/discord/0.0.46/modules/pending/discord_voice-1.zip: 55%
2024-07-05T16:25:42.204Z [Modules] Streaming discord_voice@1 to /home/siddharth/.config/discord/0.0.46/modules/pending/discord_voice-1.zip: 56%
2024-07-05T16:25:42.540Z [Modules] Streaming discord_voice@1 to /home/siddharth/.config/discord/0.0.46/modules/pending/discord_voice-1.zip: 57%
2024-07-05T16:25:42.932Z [Modules] Streaming discord_voice@1 to /home/siddharth/.config/discord/0.0.46/modules/pending/discord_voice-1.zip: 58%
2024-07-05T16:25:43.212Z [Modules] Streaming discord_voice@1 to /home/siddharth/.config/discord/0.0.46/modules/pending/discord_voice-1.zip: 59%
2024-07-05T16:25:43.637Z [Modules] Streaming discord_voice@1 to /home/siddharth/.config/discord/0.0.46/modules/pending/discord_voice-1.zip: 60%
2024-07-05T16:25:43.889Z [Modules] Streaming discord_voice@1 to /home/siddharth/.config/discord/0.0.46/modules/pending/discord_voice-1.zip: 61%
2024-07-05T16:25:44.147Z [Modules] Streaming discord_voice@1 to /home/siddharth/.config/discord/0.0.46/modules/pending/discord_voice-1.zip: 62%
2024-07-05T16:25:44.385Z [Modules] Streaming discord_voice@1 to /home/siddharth/.config/discord/0.0.46/modules/pending/discord_voice-1.zip: 63%
2024-07-05T16:25:44.775Z [Modules] Streaming discord_voice@1 to /home/siddharth/.config/discord/0.0.46/modules/pending/discord_voice-1.zip: 64%
2024-07-05T16:25:44.954Z [Modules] Streaming discord_voice@1 to /home/siddharth/.config/discord/0.0.46/modules/pending/discord_voice-1.zip: 65%
2024-07-05T16:25:45.231Z [Modules] Streaming discord_voice@1 to /home/siddharth/.config/discord/0.0.46/modules/pending/discord_voice-1.zip: 66%
2024-07-05T16:25:45.583Z [Modules] Streaming discord_voice@1 to /home/siddharth/.config/discord/0.0.46/modules/pending/discord_voice-1.zip: 67%
2024-07-05T16:25:45.747Z [Modules] Streaming discord_voice@1 to /home/siddharth/.config/discord/0.0.46/modules/pending/discord_voice-1.zip: 68%
2024-07-05T16:25:46.172Z [Modules] Streaming discord_voice@1 to /home/siddharth/.config/discord/0.0.46/modules/pending/discord_voice-1.zip: 69%
2024-07-05T16:25:46.354Z [Modules] Streaming discord_voice@1 to /home/siddharth/.config/discord/0.0.46/modules/pending/discord_voice-1.zip: 70%
2024-07-05T16:25:46.655Z [Modules] Streaming discord_voice@1 to /home/siddharth/.config/discord/0.0.46/modules/pending/discord_voice-1.zip: 71%
2024-07-05T16:25:46.920Z [Modules] Streaming discord_voice@1 to /home/siddharth/.config/discord/0.0.46/modules/pending/discord_voice-1.zip: 72%
2024-07-05T16:25:47.144Z [Modules] Streaming discord_voice@1 to /home/siddharth/.config/discord/0.0.46/modules/pending/discord_voice-1.zip: 73%
2024-07-05T16:25:47.462Z [Modules] Streaming discord_voice@1 to /home/siddharth/.config/discord/0.0.46/modules/pending/discord_voice-1.zip: 74%
2024-07-05T16:25:47.777Z [Modules] Streaming discord_voice@1 to /home/siddharth/.config/discord/0.0.46/modules/pending/discord_voice-1.zip: 75%
2024-07-05T16:25:48.081Z [Modules] Streaming discord_voice@1 to /home/siddharth/.config/discord/0.0.46/modules/pending/discord_voice-1.zip: 76%
2024-07-05T16:25:48.341Z [Modules] Streaming discord_voice@1 to /home/siddharth/.config/discord/0.0.46/modules/pending/discord_voice-1.zip: 77%
2024-07-05T16:25:48.687Z [Modules] Streaming discord_voice@1 to /home/siddharth/.config/discord/0.0.46/modules/pending/discord_voice-1.zip: 78%
2024-07-05T16:25:48.882Z [Modules] Streaming discord_voice@1 to /home/siddharth/.config/discord/0.0.46/modules/pending/discord_voice-1.zip: 79%
2024-07-05T16:25:49.247Z [Modules] Streaming discord_voice@1 to /home/siddharth/.config/discord/0.0.46/modules/pending/discord_voice-1.zip: 80%
2024-07-05T16:25:49.559Z [Modules] Streaming discord_voice@1 to /home/siddharth/.config/discord/0.0.46/modules/pending/discord_voice-1.zip: 81%
2024-07-05T16:25:50.008Z [Modules] Streaming discord_voice@1 to /home/siddharth/.config/discord/0.0.46/modules/pending/discord_voice-1.zip: 82%
2024-07-05T16:25:50.263Z [Modules] Streaming discord_voice@1 to /home/siddharth/.config/discord/0.0.46/modules/pending/discord_voice-1.zip: 83%
2024-07-05T16:25:50.547Z [Modules] Streaming discord_voice@1 to /home/siddharth/.config/discord/0.0.46/modules/pending/discord_voice-1.zip: 84%
2024-07-05T16:25:51.001Z [Modules] Streaming discord_voice@1 to /home/siddharth/.config/discord/0.0.46/modules/pending/discord_voice-1.zip: 85%
2024-07-05T16:25:51.174Z [Modules] Streaming discord_voice@1 to /home/siddharth/.config/discord/0.0.46/modules/pending/discord_voice-1.zip: 86%
2024-07-05T16:25:51.628Z [Modules] Streaming discord_voice@1 to /home/siddharth/.config/discord/0.0.46/modules/pending/discord_voice-1.zip: 87%
2024-07-05T16:25:51.893Z [Modules] Streaming discord_voice@1 to /home/siddharth/.config/discord/0.0.46/modules/pending/discord_voice-1.zip: 88%
2024-07-05T16:25:52.242Z [Modules] Streaming discord_voice@1 to /home/siddharth/.config/discord/0.0.46/modules/pending/discord_voice-1.zip: 89%
2024-07-05T16:25:52.689Z [Modules] Streaming discord_voice@1 to /home/siddharth/.config/discord/0.0.46/modules/pending/discord_voice-1.zip: 90%
2024-07-05T16:25:52.979Z [Modules] Streaming discord_voice@1 to /home/siddharth/.config/discord/0.0.46/modules/pending/discord_voice-1.zip: 91%
2024-07-05T16:25:53.425Z [Modules] Streaming discord_voice@1 to /home/siddharth/.config/discord/0.0.46/modules/pending/discord_voice-1.zip: 92%
2024-07-05T16:25:54.009Z [Modules] Streaming discord_voice@1 to /home/siddharth/.config/discord/0.0.46/modules/pending/discord_voice-1.zip: 93%
2024-07-05T16:25:54.318Z [Modules] Streaming discord_voice@1 to /home/siddharth/.config/discord/0.0.46/modules/pending/discord_voice-1.zip: 94%
2024-07-05T16:25:54.773Z [Modules] Streaming discord_voice@1 to /home/siddharth/.config/discord/0.0.46/modules/pending/discord_voice-1.zip: 95%
2024-07-05T16:25:55.089Z [Modules] Streaming discord_voice@1 to /home/siddharth/.config/discord/0.0.46/modules/pending/discord_voice-1.zip: 96%
2024-07-05T16:25:55.692Z [Modules] Streaming discord_voice@1 to /home/siddharth/.config/discord/0.0.46/modules/pending/discord_voice-1.zip: 97%
2024-07-05T16:25:56.214Z [Modules] Streaming discord_voice@1 to /home/siddharth/.config/discord/0.0.46/modules/pending/discord_voice-1.zip: 98%
2024-07-05T16:25:56.571Z [Modules] Streaming discord_voice@1 to /home/siddharth/.config/discord/0.0.46/modules/pending/discord_voice-1.zip: 99%
2024-07-05T16:25:57.125Z [Modules] Streaming discord_voice@1 to /home/siddharth/.config/discord/0.0.46/modules/pending/discord_voice-1.zip: 100%
2024-07-05T16:25:57.127Z [Modules] Finished module downloads. [success: 5] [failure: 0]
2024-07-05T16:25:57.128Z [Modules] Installing updates...
2024-07-05T16:25:57.128Z [Modules] Installing discord_desktop_core@1 from /home/siddharth/.config/discord/0.0.46/modules/pending/discord_desktop_core-1.zip
2024-07-05T16:25:57.256Z [Modules] Installing discord_erlpack@1 from /home/siddharth/.config/discord/0.0.46/modules/pending/discord_erlpack-1.zip
2024-07-05T16:25:57.331Z [Modules] Installing discord_spellcheck@1 from /home/siddharth/.config/discord/0.0.46/modules/pending/discord_spellcheck-1.zip
2024-07-05T16:25:58.622Z [Modules] Installing discord_utils@1 from /home/siddharth/.config/discord/0.0.46/modules/pending/discord_utils-1.zip
2024-07-05T16:25:58.823Z [Modules] Installing discord_voice@1 from /home/siddharth/.config/discord/0.0.46/modules/pending/discord_voice-1.zip
2024-07-05T16:25:59.888Z [Modules] Finished module installations. [success: 5] [failure: 0]
2024-07-05T16:25:59.889Z [Modules] Host is up to date.
2024-07-05T16:25:59.889Z [Modules] Checking for module updates at https://discord.com/api/modules/stable/versions.json
2024-07-05T16:26:00.296Z [Modules] No module updates available.
2024-07-05T16:26:02.389Z [Modules] Starting to install discord_krisp...
2024-07-05T16:26:02.389Z [Modules] Fetching discord_krisp@1 from https://discord.com/api/modules/stable/discord_krisp/1
2024-07-05T16:26:02.389Z [Modules] Streaming discord_krisp@1 to /home/siddharth/.config/discord/0.0.46/modules/pending/discord_krisp-1.zip
2024-07-05T16:26:02.405Z [Modules] Starting to install discord_game_utils...
2024-07-05T16:26:02.469Z [Modules] Starting to install discord_zstd...
2024-07-05T16:26:03.519Z [Modules] Host is up to date.
2024-07-05T16:26:03.519Z [Modules] Checking for module updates at https://discord.com/api/modules/stable/versions.json
2024-07-05T16:26:03.523Z [Modules] No module updates available.
2024-07-05T16:26:03.679Z [Modules] Starting to install discord_rpc...
2024-07-05T16:26:03.878Z [Modules] Streaming discord_krisp@1 to /home/siddharth/.config/discord/0.0.46/modules/pending/discord_krisp-1.zip: 1%
2024-07-05T16:26:04.474Z [Modules] Streaming discord_krisp@1 to /home/siddharth/.config/discord/0.0.46/modules/pending/discord_krisp-1.zip: 2%
2024-07-05T16:26:04.945Z [Modules] Streaming discord_krisp@1 to /home/siddharth/.config/discord/0.0.46/modules/pending/discord_krisp-1.zip: 3%
2024-07-05T16:26:05.184Z [Modules] Streaming discord_krisp@1 to /home/siddharth/.config/discord/0.0.46/modules/pending/discord_krisp-1.zip: 4%
2024-07-05T16:26:05.651Z [Modules] Streaming discord_krisp@1 to /home/siddharth/.config/discord/0.0.46/modules/pending/discord_krisp-1.zip: 5%
2024-07-05T16:26:06.101Z [Modules] Streaming discord_krisp@1 to /home/siddharth/.config/discord/0.0.46/modules/pending/discord_krisp-1.zip: 6%
2024-07-05T16:26:06.488Z [Modules] Streaming discord_krisp@1 to /home/siddharth/.config/discord/0.0.46/modules/pending/discord_krisp-1.zip: 7%
2024-07-05T16:26:06.951Z [Modules] Streaming discord_krisp@1 to /home/siddharth/.config/discord/0.0.46/modules/pending/discord_krisp-1.zip: 8%
2024-07-05T16:26:07.802Z [Modules] Streaming discord_krisp@1 to /home/siddharth/.config/discord/0.0.46/modules/pending/discord_krisp-1.zip: 9%
2024-07-05T16:26:07.934Z [Modules] Streaming discord_krisp@1 to /home/siddharth/.config/discord/0.0.46/modules/pending/discord_krisp-1.zip: 10%
2024-07-05T16:26:08.377Z [Modules] Streaming discord_krisp@1 to /home/siddharth/.config/discord/0.0.46/modules/pending/discord_krisp-1.zip: 11%
2024-07-05T16:26:08.863Z [Modules] Streaming discord_krisp@1 to /home/siddharth/.config/discord/0.0.46/modules/pending/discord_krisp-1.zip: 12%
2024-07-05T16:26:09.293Z [Modules] Streaming discord_krisp@1 to /home/siddharth/.config/discord/0.0.46/modules/pending/discord_krisp-1.zip: 13%
2024-07-05T16:26:09.750Z [Modules] Streaming discord_krisp@1 to /home/siddharth/.config/discord/0.0.46/modules/pending/discord_krisp-1.zip: 14%
2024-07-05T16:26:10.121Z [Modules] Streaming discord_krisp@1 to /home/siddharth/.config/discord/0.0.46/modules/pending/discord_krisp-1.zip: 15%
2024-07-05T16:26:10.659Z [Modules] Streaming discord_krisp@1 to /home/siddharth/.config/discord/0.0.46/modules/pending/discord_krisp-1.zip: 16%
2024-07-05T16:26:11.048Z [Modules] Streaming discord_krisp@1 to /home/siddharth/.config/discord/0.0.46/modules/pending/discord_krisp-1.zip: 17%
2024-07-05T16:26:11.661Z [Modules] Streaming discord_krisp@1 to /home/siddharth/.config/discord/0.0.46/modules/pending/discord_krisp-1.zip: 18%
2024-07-05T16:26:11.959Z [Modules] Streaming discord_krisp@1 to /home/siddharth/.config/discord/0.0.46/modules/pending/discord_krisp-1.zip: 19%
2024-07-05T16:26:12.484Z [Modules] Streaming discord_krisp@1 to /home/siddharth/.config/discord/0.0.46/modules/pending/discord_krisp-1.zip: 20%
2024-07-05T16:26:12.925Z [Modules] Streaming discord_krisp@1 to /home/siddharth/.config/discord/0.0.46/modules/pending/discord_krisp-1.zip: 21%
2024-07-05T16:26:13.457Z [Modules] Streaming discord_krisp@1 to /home/siddharth/.config/discord/0.0.46/modules/pending/discord_krisp-1.zip: 22%
2024-07-05T16:26:13.764Z [Modules] Streaming discord_krisp@1 to /home/siddharth/.config/discord/0.0.46/modules/pending/discord_krisp-1.zip: 23%
2024-07-05T16:26:14.311Z [Modules] Streaming discord_krisp@1 to /home/siddharth/.config/discord/0.0.46/modules/pending/discord_krisp-1.zip: 24%
2024-07-05T16:26:14.864Z [Modules] Streaming discord_krisp@1 to /home/siddharth/.config/discord/0.0.46/modules/pending/discord_krisp-1.zip: 25%
2024-07-05T16:26:15.354Z [Modules] Streaming discord_krisp@1 to /home/siddharth/.config/discord/0.0.46/modules/pending/discord_krisp-1.zip: 26%
2024-07-05T16:26:15.664Z [Modules] Streaming discord_krisp@1 to /home/siddharth/.config/discord/0.0.46/modules/pending/discord_krisp-1.zip: 27%
2024-07-05T16:26:16.137Z [Modules] Streaming discord_krisp@1 to /home/siddharth/.config/discord/0.0.46/modules/pending/discord_krisp-1.zip: 28%
2024-07-05T16:26:16.682Z [Modules] Streaming discord_krisp@1 to /home/siddharth/.config/discord/0.0.46/modules/pending/discord_krisp-1.zip: 29%
2024-07-05T16:26:17.070Z [Modules] Streaming discord_krisp@1 to /home/siddharth/.config/discord/0.0.46/modules/pending/discord_krisp-1.zip: 30%
2024-07-05T16:26:17.456Z [Modules] Streaming discord_krisp@1 to /home/siddharth/.config/discord/0.0.46/modules/pending/discord_krisp-1.zip: 31%
2024-07-05T16:26:17.931Z [Modules] Streaming discord_krisp@1 to /home/siddharth/.config/discord/0.0.46/modules/pending/discord_krisp-1.zip: 32%
2024-07-05T16:26:18.488Z [Modules] Streaming discord_krisp@1 to /home/siddharth/.config/discord/0.0.46/modules/pending/discord_krisp-1.zip: 33%
2024-07-05T16:26:18.890Z [Modules] Streaming discord_krisp@1 to /home/siddharth/.config/discord/0.0.46/modules/pending/discord_krisp-1.zip: 34%
2024-07-05T16:26:19.408Z [Modules] Streaming discord_krisp@1 to /home/siddharth/.config/discord/0.0.46/modules/pending/discord_krisp-1.zip: 35%
2024-07-05T16:26:19.913Z [Modules] Streaming discord_krisp@1 to /home/siddharth/.config/discord/0.0.46/modules/pending/discord_krisp-1.zip: 36%
2024-07-05T16:26:20.470Z [Modules] Streaming discord_krisp@1 to /home/siddharth/.config/discord/0.0.46/modules/pending/discord_krisp-1.zip: 37%
2024-07-05T16:26:21.054Z [Modules] Streaming discord_krisp@1 to /home/siddharth/.config/discord/0.0.46/modules/pending/discord_krisp-1.zip: 38%
2024-07-05T16:26:21.462Z [Modules] Streaming discord_krisp@1 to /home/siddharth/.config/discord/0.0.46/modules/pending/discord_krisp-1.zip: 39%
2024-07-05T16:26:22.055Z [Modules] Streaming discord_krisp@1 to /home/siddharth/.config/discord/0.0.46/modules/pending/discord_krisp-1.zip: 40%
2024-07-05T16:26:22.460Z [Modules] Streaming discord_krisp@1 to /home/siddharth/.config/discord/0.0.46/modules/pending/discord_krisp-1.zip: 41%
2024-07-05T16:26:23.082Z [Modules] Streaming discord_krisp@1 to /home/siddharth/.config/discord/0.0.46/modules/pending/discord_krisp-1.zip: 42%
2024-07-05T16:26:23.620Z [Modules] Streaming discord_krisp@1 to /home/siddharth/.config/discord/0.0.46/modules/pending/discord_krisp-1.zip: 43%
2024-07-05T16:26:24.030Z [Modules] Streaming discord_krisp@1 to /home/siddharth/.config/discord/0.0.46/modules/pending/discord_krisp-1.zip: 44%
2024-07-05T16:26:24.725Z [Modules] Streaming discord_krisp@1 to /home/siddharth/.config/discord/0.0.46/modules/pending/discord_krisp-1.zip: 45%
2024-07-05T16:26:25.170Z [Modules] Streaming discord_krisp@1 to /home/siddharth/.config/discord/0.0.46/modules/pending/discord_krisp-1.zip: 46%
2024-07-05T16:26:25.477Z [Modules] Streaming discord_krisp@1 to /home/siddharth/.config/discord/0.0.46/modules/pending/discord_krisp-1.zip: 47%
2024-07-05T16:26:25.784Z [Modules] Streaming discord_krisp@1 to /home/siddharth/.config/discord/0.0.46/modules/pending/discord_krisp-1.zip: 48%
2024-07-05T16:26:26.126Z [Modules] Streaming discord_krisp@1 to /home/siddharth/.config/discord/0.0.46/modules/pending/discord_krisp-1.zip: 49%
2024-07-05T16:26:26.478Z [Modules] Streaming discord_krisp@1 to /home/siddharth/.config/discord/0.0.46/modules/pending/discord_krisp-1.zip: 50%
2024-07-05T16:26:26.750Z [Modules] Streaming discord_krisp@1 to /home/siddharth/.config/discord/0.0.46/modules/pending/discord_krisp-1.zip: 51%
2024-07-05T16:26:27.023Z [Modules] Streaming discord_krisp@1 to /home/siddharth/.config/discord/0.0.46/modules/pending/discord_krisp-1.zip: 52%
2024-07-05T16:26:27.372Z [Modules] Streaming discord_krisp@1 to /home/siddharth/.config/discord/0.0.46/modules/pending/discord_krisp-1.zip: 53%
2024-07-05T16:26:27.659Z [Modules] Streaming discord_krisp@1 to /home/siddharth/.config/discord/0.0.46/modules/pending/discord_krisp-1.zip: 54%
2024-07-05T16:26:27.951Z [Modules] Streaming discord_krisp@1 to /home/siddharth/.config/discord/0.0.46/modules/pending/discord_krisp-1.zip: 55%
2024-07-05T16:26:28.310Z [Modules] Streaming discord_krisp@1 to /home/siddharth/.config/discord/0.0.46/modules/pending/discord_krisp-1.zip: 56%
2024-07-05T16:26:28.617Z [Modules] Streaming discord_krisp@1 to /home/siddharth/.config/discord/0.0.46/modules/pending/discord_krisp-1.zip: 57%
2024-07-05T16:26:28.927Z [Modules] Streaming discord_krisp@1 to /home/siddharth/.config/discord/0.0.46/modules/pending/discord_krisp-1.zip: 58%
2024-07-05T16:26:29.187Z [Modules] Streaming discord_krisp@1 to /home/siddharth/.config/discord/0.0.46/modules/pending/discord_krisp-1.zip: 59%
2024-07-05T16:26:29.518Z [Modules] Streaming discord_krisp@1 to /home/siddharth/.config/discord/0.0.46/modules/pending/discord_krisp-1.zip: 60%
2024-07-05T16:26:29.835Z [Modules] Streaming discord_krisp@1 to /home/siddharth/.config/discord/0.0.46/modules/pending/discord_krisp-1.zip: 61%
2024-07-05T16:26:30.106Z [Modules] Streaming discord_krisp@1 to /home/siddharth/.config/discord/0.0.46/modules/pending/discord_krisp-1.zip: 62%
2024-07-05T16:26:30.514Z [Modules] Streaming discord_krisp@1 to /home/siddharth/.config/discord/0.0.46/modules/pending/discord_krisp-1.zip: 63%
2024-07-05T16:26:30.777Z [Modules] Streaming discord_krisp@1 to /home/siddharth/.config/discord/0.0.46/modules/pending/discord_krisp-1.zip: 64%
2024-07-05T16:26:31.166Z [Modules] Streaming discord_krisp@1 to /home/siddharth/.config/discord/0.0.46/modules/pending/discord_krisp-1.zip: 65%
2024-07-05T16:26:31.395Z [Modules] Streaming discord_krisp@1 to /home/siddharth/.config/discord/0.0.46/modules/pending/discord_krisp-1.zip: 66%
2024-07-05T16:26:31.768Z [Modules] Streaming discord_krisp@1 to /home/siddharth/.config/discord/0.0.46/modules/pending/discord_krisp-1.zip: 67%
2024-07-05T16:26:32.112Z [Modules] Streaming discord_krisp@1 to /home/siddharth/.config/discord/0.0.46/modules/pending/discord_krisp-1.zip: 68%
2024-07-05T16:26:32.409Z [Modules] Streaming discord_krisp@1 to /home/siddharth/.config/discord/0.0.46/modules/pending/discord_krisp-1.zip: 69%
2024-07-05T16:26:32.755Z [Modules] Streaming discord_krisp@1 to /home/siddharth/.config/discord/0.0.46/modules/pending/discord_krisp-1.zip: 70%
2024-07-05T16:26:33.075Z [Modules] Streaming discord_krisp@1 to /home/siddharth/.config/discord/0.0.46/modules/pending/discord_krisp-1.zip: 71%
2024-07-05T16:26:33.411Z [Modules] Streaming discord_krisp@1 to /home/siddharth/.config/discord/0.0.46/modules/pending/discord_krisp-1.zip: 72%
2024-07-05T16:26:33.754Z [Modules] Streaming discord_krisp@1 to /home/siddharth/.config/discord/0.0.46/modules/pending/discord_krisp-1.zip: 73%
2024-07-05T16:26:34.142Z [Modules] Streaming discord_krisp@1 to /home/siddharth/.config/discord/0.0.46/modules/pending/discord_krisp-1.zip: 74%
2024-07-05T16:26:34.390Z [Modules] Streaming discord_krisp@1 to /home/siddharth/.config/discord/0.0.46/modules/pending/discord_krisp-1.zip: 75%
2024-07-05T16:26:34.876Z [Modules] Streaming discord_krisp@1 to /home/siddharth/.config/discord/0.0.46/modules/pending/discord_krisp-1.zip: 76%
2024-07-05T16:26:35.226Z [Modules] Streaming discord_krisp@1 to /home/siddharth/.config/discord/0.0.46/modules/pending/discord_krisp-1.zip: 77%
2024-07-05T16:26:35.458Z [Modules] Streaming discord_krisp@1 to /home/siddharth/.config/discord/0.0.46/modules/pending/discord_krisp-1.zip: 78%
2024-07-05T16:26:35.995Z [Modules] Streaming discord_krisp@1 to /home/siddharth/.config/discord/0.0.46/modules/pending/discord_krisp-1.zip: 79%
2024-07-05T16:26:36.057Z [Modules] Streaming discord_krisp@1 to /home/siddharth/.config/discord/0.0.46/modules/pending/discord_krisp-1.zip: 80%
2024-07-05T16:26:36.187Z [Modules] Streaming discord_krisp@1 to /home/siddharth/.config/discord/0.0.46/modules/pending/discord_krisp-1.zip: 81%
2024-07-05T16:26:36.393Z [Modules] Streaming discord_krisp@1 to /home/siddharth/.config/discord/0.0.46/modules/pending/discord_krisp-1.zip: 82%
2024-07-05T16:26:36.662Z [Modules] Streaming discord_krisp@1 to /home/siddharth/.config/discord/0.0.46/modules/pending/discord_krisp-1.zip: 83%
2024-07-05T16:26:36.853Z [Modules] Streaming discord_krisp@1 to /home/siddharth/.config/discord/0.0.46/modules/pending/discord_krisp-1.zip: 84%
2024-07-05T16:26:37.233Z [Modules] Streaming discord_krisp@1 to /home/siddharth/.config/discord/0.0.46/modules/pending/discord_krisp-1.zip: 85%
2024-07-05T16:26:37.331Z [Modules] Streaming discord_krisp@1 to /home/siddharth/.config/discord/0.0.46/modules/pending/discord_krisp-1.zip: 86%
2024-07-05T16:26:37.569Z [Modules] Streaming discord_krisp@1 to /home/siddharth/.config/discord/0.0.46/modules/pending/discord_krisp-1.zip: 87%
2024-07-05T16:26:37.827Z [Modules] Streaming discord_krisp@1 to /home/siddharth/.config/discord/0.0.46/modules/pending/discord_krisp-1.zip: 88%
2024-07-05T16:26:38.136Z [Modules] Streaming discord_krisp@1 to /home/siddharth/.config/discord/0.0.46/modules/pending/discord_krisp-1.zip: 89%
2024-07-05T16:26:38.336Z [Modules] Streaming discord_krisp@1 to /home/siddharth/.config/discord/0.0.46/modules/pending/discord_krisp-1.zip: 90%
2024-07-05T16:26:38.588Z [Modules] Streaming discord_krisp@1 to /home/siddharth/.config/discord/0.0.46/modules/pending/discord_krisp-1.zip: 91%
2024-07-05T16:26:38.858Z [Modules] Streaming discord_krisp@1 to /home/siddharth/.config/discord/0.0.46/modules/pending/discord_krisp-1.zip: 92%
2024-07-05T16:26:39.143Z [Modules] Streaming discord_krisp@1 to /home/siddharth/.config/discord/0.0.46/modules/pending/discord_krisp-1.zip: 93%
2024-07-05T16:26:39.495Z [Modules] Streaming discord_krisp@1 to /home/siddharth/.config/discord/0.0.46/modules/pending/discord_krisp-1.zip: 94%
2024-07-05T16:26:39.750Z [Modules] Streaming discord_krisp@1 to /home/siddharth/.config/discord/0.0.46/modules/pending/discord_krisp-1.zip: 95%
2024-07-05T16:26:40.171Z [Modules] Streaming discord_krisp@1 to /home/siddharth/.config/discord/0.0.46/modules/pending/discord_krisp-1.zip: 96%
2024-07-05T16:26:40.245Z [Modules] Streaming discord_krisp@1 to /home/siddharth/.config/discord/0.0.46/modules/pending/discord_krisp-1.zip: 97%
2024-07-05T16:26:40.673Z [Modules] Streaming discord_krisp@1 to /home/siddharth/.config/discord/0.0.46/modules/pending/discord_krisp-1.zip: 98%
2024-07-05T16:26:40.925Z [Modules] Streaming discord_krisp@1 to /home/siddharth/.config/discord/0.0.46/modules/pending/discord_krisp-1.zip: 99%
2024-07-05T16:26:41.279Z [Modules] Streaming discord_krisp@1 to /home/siddharth/.config/discord/0.0.46/modules/pending/discord_krisp-1.zip: 100%
2024-07-05T16:26:41.282Z [Modules] Fetching discord_game_utils@1 from https://discord.com/api/modules/stable/discord_game_utils/1
2024-07-05T16:26:41.282Z [Modules] Streaming discord_game_utils@1 to /home/siddharth/.config/discord/0.0.46/modules/pending/discord_game_utils-1.zip
2024-07-05T16:26:41.282Z [Modules] Installing discord_krisp@1 from /home/siddharth/.config/discord/0.0.46/modules/pending/discord_krisp-1.zip
2024-07-05T16:26:41.729Z [Modules] Finished module installations. [success: 1] [failure: 0]
2024-07-05T16:26:43.417Z [Modules] Streaming discord_game_utils@1 to /home/siddharth/.config/discord/0.0.46/modules/pending/discord_game_utils-1.zip: 1%
2024-07-05T16:26:43.519Z [Modules] Streaming discord_game_utils@1 to /home/siddharth/.config/discord/0.0.46/modules/pending/discord_game_utils-1.zip: 2%
2024-07-05T16:26:43.646Z [Modules] Streaming discord_game_utils@1 to /home/siddharth/.config/discord/0.0.46/modules/pending/discord_game_utils-1.zip: 3%
2024-07-05T16:26:43.696Z [Modules] Streaming discord_game_utils@1 to /home/siddharth/.config/discord/0.0.46/modules/pending/discord_game_utils-1.zip: 4%
2024-07-05T16:26:43.712Z [Modules] Streaming discord_game_utils@1 to /home/siddharth/.config/discord/0.0.46/modules/pending/discord_game_utils-1.zip: 5%
2024-07-05T16:26:43.784Z [Modules] Streaming discord_game_utils@1 to /home/siddharth/.config/discord/0.0.46/modules/pending/discord_game_utils-1.zip: 6%
2024-07-05T16:26:43.846Z [Modules] Streaming discord_game_utils@1 to /home/siddharth/.config/discord/0.0.46/modules/pending/discord_game_utils-1.zip: 7%
2024-07-05T16:26:43.869Z [Modules] Streaming discord_game_utils@1 to /home/siddharth/.config/discord/0.0.46/modules/pending/discord_game_utils-1.zip: 8%
2024-07-05T16:26:44.215Z [Modules] Streaming discord_game_utils@1 to /home/siddharth/.config/discord/0.0.46/modules/pending/discord_game_utils-1.zip: 10%
2024-07-05T16:26:44.216Z [Modules] Streaming discord_game_utils@1 to /home/siddharth/.config/discord/0.0.46/modules/pending/discord_game_utils-1.zip: 16%
2024-07-05T16:26:44.221Z [Modules] Streaming discord_game_utils@1 to /home/siddharth/.config/discord/0.0.46/modules/pending/discord_game_utils-1.zip: 18%
2024-07-05T16:26:44.254Z [Modules] Streaming discord_game_utils@1 to /home/siddharth/.config/discord/0.0.46/modules/pending/discord_game_utils-1.zip: 20%
2024-07-05T16:26:44.372Z [Modules] Streaming discord_game_utils@1 to /home/siddharth/.config/discord/0.0.46/modules/pending/discord_game_utils-1.zip: 21%
2024-07-05T16:26:44.378Z [Modules] Streaming discord_game_utils@1 to /home/siddharth/.config/discord/0.0.46/modules/pending/discord_game_utils-1.zip: 23%
2024-07-05T16:26:44.483Z [Modules] Streaming discord_game_utils@1 to /home/siddharth/.config/discord/0.0.46/modules/pending/discord_game_utils-1.zip: 25%
2024-07-05T16:26:44.629Z [Modules] Streaming discord_game_utils@1 to /home/siddharth/.config/discord/0.0.46/modules/pending/discord_game_utils-1.zip: 27%
2024-07-05T16:26:44.630Z [Modules] Streaming discord_game_utils@1 to /home/siddharth/.config/discord/0.0.46/modules/pending/discord_game_utils-1.zip: 28%
2024-07-05T16:26:44.666Z [Modules] Streaming discord_game_utils@1 to /home/siddharth/.config/discord/0.0.46/modules/pending/discord_game_utils-1.zip: 29%
2024-07-05T16:26:44.708Z [Modules] Streaming discord_game_utils@1 to /home/siddharth/.config/discord/0.0.46/modules/pending/discord_game_utils-1.zip: 30%
2024-07-05T16:26:44.711Z [Modules] Streaming discord_game_utils@1 to /home/siddharth/.config/discord/0.0.46/modules/pending/discord_game_utils-1.zip: 31%
2024-07-05T16:26:44.780Z [Modules] Streaming discord_game_utils@1 to /home/siddharth/.config/discord/0.0.46/modules/pending/discord_game_utils-1.zip: 32%
2024-07-05T16:26:44.858Z [Modules] Streaming discord_game_utils@1 to /home/siddharth/.config/discord/0.0.46/modules/pending/discord_game_utils-1.zip: 34%
2024-07-05T16:26:44.903Z [Modules] Streaming discord_game_utils@1 to /home/siddharth/.config/discord/0.0.46/modules/pending/discord_game_utils-1.zip: 37%
2024-07-05T16:26:45.009Z [Modules] Streaming discord_game_utils@1 to /home/siddharth/.config/discord/0.0.46/modules/pending/discord_game_utils-1.zip: 39%
2024-07-05T16:26:45.070Z [Modules] Streaming discord_game_utils@1 to /home/siddharth/.config/discord/0.0.46/modules/pending/discord_game_utils-1.zip: 41%
2024-07-05T16:26:45.158Z [Modules] Streaming discord_game_utils@1 to /home/siddharth/.config/discord/0.0.46/modules/pending/discord_game_utils-1.zip: 43%
2024-07-05T16:26:45.284Z [Modules] Streaming discord_game_utils@1 to /home/siddharth/.config/discord/0.0.46/modules/pending/discord_game_utils-1.zip: 45%
2024-07-05T16:26:45.447Z [Modules] Streaming discord_game_utils@1 to /home/siddharth/.config/discord/0.0.46/modules/pending/discord_game_utils-1.zip: 46%
2024-07-05T16:26:45.473Z [Modules] Streaming discord_game_utils@1 to /home/siddharth/.config/discord/0.0.46/modules/pending/discord_game_utils-1.zip: 47%
2024-07-05T16:26:45.515Z [Modules] Streaming discord_game_utils@1 to /home/siddharth/.config/discord/0.0.46/modules/pending/discord_game_utils-1.zip: 48%
2024-07-05T16:26:45.535Z [Modules] Streaming discord_game_utils@1 to /home/siddharth/.config/discord/0.0.46/modules/pending/discord_game_utils-1.zip: 49%
2024-07-05T16:26:45.570Z [Modules] Streaming discord_game_utils@1 to /home/siddharth/.config/discord/0.0.46/modules/pending/discord_game_utils-1.zip: 50%
2024-07-05T16:26:45.590Z [Modules] Streaming discord_game_utils@1 to /home/siddharth/.config/discord/0.0.46/modules/pending/discord_game_utils-1.zip: 51%
2024-07-05T16:26:45.620Z [Modules] Streaming discord_game_utils@1 to /home/siddharth/.config/discord/0.0.46/modules/pending/discord_game_utils-1.zip: 52%
2024-07-05T16:26:45.652Z [Modules] Streaming discord_game_utils@1 to /home/siddharth/.config/discord/0.0.46/modules/pending/discord_game_utils-1.zip: 53%
2024-07-05T16:26:45.665Z [Modules] Streaming discord_game_utils@1 to /home/siddharth/.config/discord/0.0.46/modules/pending/discord_game_utils-1.zip: 54%
2024-07-05T16:26:45.695Z [Modules] Streaming discord_game_utils@1 to /home/siddharth/.config/discord/0.0.46/modules/pending/discord_game_utils-1.zip: 55%
2024-07-05T16:26:45.708Z [Modules] Streaming discord_game_utils@1 to /home/siddharth/.config/discord/0.0.46/modules/pending/discord_game_utils-1.zip: 56%
2024-07-05T16:26:45.734Z [Modules] Streaming discord_game_utils@1 to /home/siddharth/.config/discord/0.0.46/modules/pending/discord_game_utils-1.zip: 57%
2024-07-05T16:26:45.760Z [Modules] Streaming discord_game_utils@1 to /home/siddharth/.config/discord/0.0.46/modules/pending/discord_game_utils-1.zip: 58%
2024-07-05T16:26:45.793Z [Modules] Streaming discord_game_utils@1 to /home/siddharth/.config/discord/0.0.46/modules/pending/discord_game_utils-1.zip: 59%
2024-07-05T16:26:45.813Z [Modules] Streaming discord_game_utils@1 to /home/siddharth/.config/discord/0.0.46/modules/pending/discord_game_utils-1.zip: 60%
2024-07-05T16:26:45.845Z [Modules] Streaming discord_game_utils@1 to /home/siddharth/.config/discord/0.0.46/modules/pending/discord_game_utils-1.zip: 61%
2024-07-05T16:26:45.865Z [Modules] Streaming discord_game_utils@1 to /home/siddharth/.config/discord/0.0.46/modules/pending/discord_game_utils-1.zip: 62%
2024-07-05T16:26:45.898Z [Modules] Streaming discord_game_utils@1 to /home/siddharth/.config/discord/0.0.46/modules/pending/discord_game_utils-1.zip: 63%
2024-07-05T16:26:45.933Z [Modules] Streaming discord_game_utils@1 to /home/siddharth/.config/discord/0.0.46/modules/pending/discord_game_utils-1.zip: 64%
2024-07-05T16:26:46.145Z [Modules] Streaming discord_game_utils@1 to /home/siddharth/.config/discord/0.0.46/modules/pending/discord_game_utils-1.zip: 67%
2024-07-05T16:26:46.145Z [Modules] Streaming discord_game_utils@1 to /home/siddharth/.config/discord/0.0.46/modules/pending/discord_game_utils-1.zip: 69%
2024-07-05T16:26:46.162Z [Modules] Streaming discord_game_utils@1 to /home/siddharth/.config/discord/0.0.46/modules/pending/discord_game_utils-1.zip: 70%
2024-07-05T16:26:46.191Z [Modules] Streaming discord_game_utils@1 to /home/siddharth/.config/discord/0.0.46/modules/pending/discord_game_utils-1.zip: 71%
2024-07-05T16:26:46.211Z [Modules] Streaming discord_game_utils@1 to /home/siddharth/.config/discord/0.0.46/modules/pending/discord_game_utils-1.zip: 73%
2024-07-05T16:26:46.279Z [Modules] Streaming discord_game_utils@1 to /home/siddharth/.config/discord/0.0.46/modules/pending/discord_game_utils-1.zip: 75%
2024-07-05T16:26:46.337Z [Modules] Streaming discord_game_utils@1 to /home/siddharth/.config/discord/0.0.46/modules/pending/discord_game_utils-1.zip: 78%
2024-07-05T16:26:46.338Z [Modules] Streaming discord_game_utils@1 to /home/siddharth/.config/discord/0.0.46/modules/pending/discord_game_utils-1.zip: 79%
2024-07-05T16:26:46.416Z [Modules] Streaming discord_game_utils@1 to /home/siddharth/.config/discord/0.0.46/modules/pending/discord_game_utils-1.zip: 80%
2024-07-05T16:26:46.563Z [Modules] Streaming discord_game_utils@1 to /home/siddharth/.config/discord/0.0.46/modules/pending/discord_game_utils-1.zip: 82%
2024-07-05T16:26:46.563Z [Modules] Streaming discord_game_utils@1 to /home/siddharth/.config/discord/0.0.46/modules/pending/discord_game_utils-1.zip: 84%
2024-07-05T16:26:46.638Z [Modules] Streaming discord_game_utils@1 to /home/siddharth/.config/discord/0.0.46/modules/pending/discord_game_utils-1.zip: 86%
2024-07-05T16:26:46.677Z [Modules] Streaming discord_game_utils@1 to /home/siddharth/.config/discord/0.0.46/modules/pending/discord_game_utils-1.zip: 87%
2024-07-05T16:26:46.716Z [Modules] Streaming discord_game_utils@1 to /home/siddharth/.config/discord/0.0.46/modules/pending/discord_game_utils-1.zip: 89%
2024-07-05T16:26:46.863Z [Modules] Streaming discord_game_utils@1 to /home/siddharth/.config/discord/0.0.46/modules/pending/discord_game_utils-1.zip: 92%
2024-07-05T16:26:46.864Z [Modules] Streaming discord_game_utils@1 to /home/siddharth/.config/discord/0.0.46/modules/pending/discord_game_utils-1.zip: 97%
2024-07-05T16:26:47.867Z [Modules] Streaming discord_game_utils@1 to /home/siddharth/.config/discord/0.0.46/modules/pending/discord_game_utils-1.zip: 99%
2024-07-05T16:26:47.868Z [Modules] Streaming discord_game_utils@1 to /home/siddharth/.config/discord/0.0.46/modules/pending/discord_game_utils-1.zip: 100%
2024-07-05T16:26:47.870Z [Modules] Fetching discord_zstd@0 from https://discord.com/api/modules/stable/discord_zstd/0
2024-07-05T16:26:47.871Z [Modules] Streaming discord_zstd@0 to /home/siddharth/.config/discord/0.0.46/modules/pending/discord_zstd-0.zip
2024-07-05T16:26:47.871Z [Modules] Installing discord_game_utils@1 from /home/siddharth/.config/discord/0.0.46/modules/pending/discord_game_utils-1.zip
2024-07-05T16:26:47.943Z [Modules] Finished module installations. [success: 1] [failure: 0]
2024-07-05T16:26:48.649Z [Modules] Failed fetching module discord_zstd@0: Error: read ECONNRESET
2024-07-05T16:26:48.649Z [Modules] Waiting 1000ms before next download.
2024-07-05T16:26:51.445Z [Modules] Fetching discord_rpc@1 from https://discord.com/api/modules/stable/discord_rpc/1
2024-07-05T16:26:51.445Z [Modules] Streaming discord_rpc@1 to /home/siddharth/.config/discord/0.0.46/modules/pending/discord_rpc-1.zip
2024-07-05T16:26:52.463Z [Modules] Streaming discord_rpc@1 to /home/siddharth/.config/discord/0.0.46/modules/pending/discord_rpc-1.zip: 100%
2024-07-05T16:26:52.466Z [Modules] Finished module downloads. [success: 3] [failure: 1]
2024-07-05T16:26:52.468Z [Modules] Installing discord_rpc@1 from /home/siddharth/.config/discord/0.0.46/modules/pending/discord_rpc-1.zip
2024-07-05T16:26:52.488Z [Modules] Finished module installations. [success: 1] [failure: 0]
