2024-09-12 03:27:39,433 [MainThread] INFO: setting language to: en_US.UTF-8
2024-09-12 03:27:39,439 [MainThread] INFO: 38 custom mappings(s)
2024-09-12 03:27:39,574 [Dummy-1] INFO: set_stroke_filename(/home/siddharth/.config/plover/strokes.log)
2024-09-12 03:27:39,574 [Dummy-1] INFO: loading system: English Stenotype
2024-09-12 03:27:39,750 [Dummy-1] INFO: setting machine: Keyboard
2024-09-12 03:27:39,755 [Dummy-1] INFO: XInput devices: 9
2024-09-12 03:27:39,756 [Dummy-1] INFO: recreating /home/siddharth/.config/plover/user.json from asset:plover:assets/user.json
2024-09-12 03:27:39,757 [Dummy-1] INFO: recreating /home/siddharth/.config/plover/commands.json from asset:plover:assets/commands.json
2024-09-12 03:27:39,757 [Dummy-1] INFO: recreating /home/siddharth/.config/plover/main.json from asset:plover:assets/main.json
2024-09-12 03:27:39,761 [Dummy-1] INFO: loading dictionary: /home/siddharth/.config/plover/user.json
2024-09-12 03:27:39,762 [Dummy-1] INFO: loading dictionary: /home/siddharth/.config/plover/commands.json
2024-09-12 03:27:39,763 [Dummy-1] INFO: loading dictionary: /home/siddharth/.config/plover/main.json
2024-09-12 03:27:40,300 [Dummy-1] INFO: loaded 3 dictionaries in 0.539s
2024-09-12 03:29:05,176 [Dummy-1] INFO: loaded 3 dictionaries in 0.000s
2024-09-12 03:29:56,860 [MainThread] INFO: setting language to: en_US.UTF-8
2024-09-12 03:29:56,871 [MainThread] INFO: 38 custom mappings(s)
2024-09-12 03:29:56,995 [Dummy-1] INFO: set_stroke_filename(/home/siddharth/.config/plover/strokes.log)
2024-09-12 03:29:56,996 [Dummy-1] INFO: loading system: English Stenotype
2024-09-12 03:29:57,170 [Dummy-1] INFO: setting machine: Keyboard
2024-09-12 03:29:57,178 [Dummy-1] INFO: XInput devices: 9
2024-09-12 03:29:57,178 [Dummy-1] INFO: loading dictionary: /home/siddharth/.config/plover/user.json
2024-09-12 03:29:57,179 [Dummy-1] INFO: loading dictionary: /home/siddharth/.config/plover/commands.json
2024-09-12 03:29:57,180 [Dummy-1] INFO: loading dictionary: /home/siddharth/.config/plover/main.json
2024-09-12 03:29:57,717 [Dummy-1] INFO: loaded 3 dictionaries in 0.538s
2024-09-12 03:31:23,423 [Dummy-1] INFO: setting machine: Keyboard
2024-09-12 03:31:23,434 [Dummy-1] INFO: XInput devices: 9
2024-09-12 03:31:23,445 [Dummy-1] INFO: loaded 3 dictionaries in 0.000s
2024-09-12 03:33:43,581 [Dummy-1] INFO: loaded 3 dictionaries in 0.000s
2024-09-12 03:33:44,683 [Dummy-1] INFO: loaded 3 dictionaries in 0.000s
2024-09-12 03:34:31,018 [MainThread] INFO: setting language to: en_US.UTF-8
2024-09-12 03:34:31,023 [MainThread] INFO: 38 custom mappings(s)
2024-09-12 03:34:31,144 [Dummy-1] INFO: set_stroke_filename(/home/siddharth/.config/plover/strokes.log)
2024-09-12 03:34:31,144 [Dummy-1] INFO: loading system: English Stenotype
2024-09-12 03:34:31,313 [Dummy-1] INFO: setting machine: Keyboard
2024-09-12 03:34:31,320 [Dummy-1] INFO: XInput devices: 9
2024-09-12 03:34:31,321 [Dummy-1] INFO: loading dictionary: /home/siddharth/.config/plover/user.json
2024-09-12 03:34:31,321 [Dummy-1] INFO: loading dictionary: /home/siddharth/.config/plover/commands.json
2024-09-12 03:34:31,321 [Dummy-1] INFO: loading dictionary: /home/siddharth/.config/plover/main.json
2024-09-12 03:34:31,848 [Dummy-1] INFO: loaded 3 dictionaries in 0.527s
2024-09-12 03:36:24,078 [Dummy-1] INFO: loaded 3 dictionaries in 0.000s
2024-09-12 03:36:40,009 [Dummy-1] INFO: loaded 3 dictionaries in 0.000s
2024-09-12 03:36:41,306 [Dummy-1] INFO: loaded 3 dictionaries in 0.000s
2024-09-12 03:36:43,083 [Dummy-1] INFO: loaded 3 dictionaries in 0.000s
2024-09-12 03:37:54,158 [MainThread] INFO: setting language to: en_US.UTF-8
2024-09-12 03:37:54,162 [MainThread] INFO: 38 custom mappings(s)
2024-09-12 03:37:54,277 [Dummy-1] INFO: set_stroke_filename(/home/siddharth/.config/plover/strokes.log)
2024-09-12 03:37:54,278 [Dummy-1] INFO: loading system: English Stenotype
2024-09-12 03:37:54,458 [Dummy-1] INFO: setting machine: Keyboard
2024-09-12 03:37:54,465 [Dummy-1] INFO: XInput devices: 9
2024-09-12 03:37:54,466 [Dummy-1] INFO: loading dictionary: /home/siddharth/.config/plover/user.json
2024-09-12 03:37:54,466 [Dummy-1] INFO: loading dictionary: /home/siddharth/.config/plover/commands.json
2024-09-12 03:37:54,467 [Dummy-1] INFO: loading dictionary: /home/siddharth/.config/plover/main.json
2024-09-12 03:37:55,013 [Dummy-1] INFO: loaded 3 dictionaries in 0.547s
2024-09-12 03:57:44,335 [MainThread] INFO: setting language to: en_US.UTF-8
2024-09-12 03:57:44,340 [MainThread] INFO: 38 custom mappings(s)
2024-09-12 03:57:44,461 [Dummy-1] INFO: set_stroke_filename(/home/siddharth/.config/plover/strokes.log)
2024-09-12 03:57:44,461 [Dummy-1] INFO: loading system: English Stenotype
2024-09-12 03:57:44,648 [Dummy-1] INFO: setting machine: Keyboard
2024-09-12 03:57:44,655 [Dummy-1] INFO: XInput devices: 9
2024-09-12 03:57:44,656 [Dummy-1] INFO: loading dictionary: /home/siddharth/.config/plover/user.json
2024-09-12 03:57:44,657 [Dummy-1] INFO: loading dictionary: /home/siddharth/.config/plover/commands.json
2024-09-12 03:57:44,657 [Dummy-1] INFO: loading dictionary: /home/siddharth/.config/plover/main.json
2024-09-12 03:57:45,188 [Dummy-1] INFO: loaded 3 dictionaries in 0.532s
2024-09-12 03:58:59,912 [MainThread] INFO: setting language to: en_US.UTF-8
2024-09-12 03:58:59,921 [MainThread] INFO: 38 custom mappings(s)
2024-09-12 03:59:00,057 [Dummy-1] INFO: set_stroke_filename(/home/siddharth/.config/plover/strokes.log)
2024-09-12 03:59:00,057 [Dummy-1] INFO: loading system: English Stenotype
2024-09-12 03:59:00,236 [Dummy-1] INFO: setting machine: Keyboard
2024-09-12 03:59:00,245 [Dummy-1] INFO: XInput devices: 9
2024-09-12 03:59:00,247 [Dummy-1] INFO: loading dictionary: /home/siddharth/.config/plover/user.json
2024-09-12 03:59:00,247 [Dummy-1] INFO: loading dictionary: /home/siddharth/.config/plover/commands.json
2024-09-12 03:59:00,248 [Dummy-1] INFO: loading dictionary: /home/siddharth/.config/plover/main.json
2024-09-12 03:59:00,788 [Dummy-1] INFO: loaded 3 dictionaries in 0.542s
2024-09-12 04:01:06,275 [Dummy-1] INFO: enable_stroke_logging(True)
2024-09-12 04:01:06,276 [Dummy-1] INFO: enable_translation_logging(True)
2024-09-12 04:01:06,279 [Dummy-1] INFO: setting machine: Keyboard
2024-09-12 04:01:06,290 [Dummy-1] INFO: XInput devices: 9
2024-09-12 04:01:06,302 [Dummy-1] INFO: loaded 3 dictionaries in 0.000s
2024-09-12 04:01:07,605 [Dummy-1] INFO: loaded 3 dictionaries in 0.000s
2024-09-12 04:03:18,190 [Dummy-1] INFO: loaded 3 dictionaries in 0.000s
2024-09-12 04:16:53,684 [Dummy-1] INFO: setting machine: Keyboard
2024-09-12 04:16:53,696 [Dummy-1] INFO: XInput devices: 9
2024-09-12 04:16:53,705 [Dummy-1] INFO: loaded 3 dictionaries in 0.000s
2024-09-12 04:16:55,868 [Dummy-1] INFO: setting machine: Keyboard
2024-09-12 04:16:55,877 [Dummy-1] INFO: XInput devices: 9
2024-09-12 04:16:55,887 [Dummy-1] INFO: loaded 3 dictionaries in 0.000s
2024-09-12 04:16:57,052 [Dummy-1] INFO: setting machine: Keyboard
2024-09-12 04:16:57,062 [Dummy-1] INFO: XInput devices: 9
2024-09-12 04:16:57,072 [Dummy-1] INFO: loaded 3 dictionaries in 0.000s
2024-09-12 04:16:57,299 [Dummy-1] INFO: setting machine: Keyboard
2024-09-12 04:16:57,308 [Dummy-1] INFO: XInput devices: 9
2024-09-12 04:16:57,320 [Dummy-1] INFO: loaded 3 dictionaries in 0.000s
2024-09-12 04:16:57,667 [Dummy-1] INFO: setting machine: Keyboard
2024-09-12 04:16:57,678 [Dummy-1] INFO: XInput devices: 9
2024-09-12 04:16:57,693 [Dummy-1] INFO: loaded 3 dictionaries in 0.000s
2024-09-12 04:16:58,253 [Dummy-1] INFO: setting machine: Keyboard
2024-09-12 04:16:58,266 [Dummy-1] INFO: XInput devices: 9
2024-09-12 04:16:58,276 [Dummy-1] INFO: loaded 3 dictionaries in 0.000s
2024-09-12 04:20:36,029 [MainThread] INFO: setting language to: en_US.UTF-8
2024-09-12 04:20:36,040 [MainThread] INFO: 38 custom mappings(s)
2024-09-12 04:20:36,174 [Dummy-1] INFO: set_stroke_filename(/home/siddharth/.config/plover/strokes.log)
2024-09-12 04:20:36,175 [Dummy-1] INFO: enable_stroke_logging(True)
2024-09-12 04:20:36,175 [Dummy-1] INFO: enable_translation_logging(True)
2024-09-12 04:20:36,176 [Dummy-1] INFO: loading system: English Stenotype
2024-09-12 04:20:36,361 [Dummy-1] INFO: setting machine: Keyboard
2024-09-12 04:20:36,369 [Dummy-1] INFO: XInput devices: 9
2024-09-12 04:20:36,370 [Dummy-1] INFO: loading dictionary: /home/siddharth/.config/plover/user.json
2024-09-12 04:20:36,371 [Dummy-1] INFO: loading dictionary: /home/siddharth/.config/plover/commands.json
2024-09-12 04:20:36,373 [Dummy-1] INFO: loading dictionary: /home/siddharth/.config/plover/main.json
2024-09-12 04:20:36,940 [Dummy-1] INFO: loaded 3 dictionaries in 0.569s
2024-09-12 04:22:15,008 [Dummy-1] INFO: set_stroke_filename(/home/siddharth/strokes.log)
2024-09-12 04:22:15,009 [Dummy-1] INFO: loaded 3 dictionaries in 0.000s
2024-09-12 04:22:16,483 [Dummy-1] INFO: loaded 3 dictionaries in 0.000s
2024-09-12 04:22:17,717 [Dummy-1] INFO: loaded 3 dictionaries in 0.000s
2024-09-12 04:25:20,633 [MainThread] INFO: setting language to: en_US.UTF-8
2024-09-12 04:25:20,638 [MainThread] INFO: 38 custom mappings(s)
2024-09-12 04:25:20,760 [Dummy-1] INFO: set_stroke_filename(/home/siddharth/strokes.log)
2024-09-12 04:25:20,761 [Dummy-1] INFO: enable_stroke_logging(True)
2024-09-12 04:25:20,761 [Dummy-1] INFO: enable_translation_logging(True)
2024-09-12 04:25:20,761 [Dummy-1] INFO: loading system: English Stenotype
2024-09-12 04:25:20,941 [Dummy-1] INFO: setting machine: Keyboard
2024-09-12 04:25:20,948 [Dummy-1] INFO: XInput devices: 9
2024-09-12 04:25:20,949 [Dummy-1] INFO: loading dictionary: /home/siddharth/.config/plover/user.json
2024-09-12 04:25:20,952 [Dummy-1] INFO: loading dictionary: /home/siddharth/.config/plover/commands.json
2024-09-12 04:25:20,952 [Dummy-1] INFO: loading dictionary: /home/siddharth/.config/plover/main.json
2024-09-12 04:25:21,527 [Dummy-1] INFO: loaded 3 dictionaries in 0.578s
