(17:24:59) INFO:    [Legendary]:        Legendary location: /nix/store/c8ay94j4hpgc574dnq8ll19dal6m6hd5-heroic-unwrapped-2.13.0/share/heroic/build/bin/linux/legendary
(17:24:59) INFO:    [Gog]:              GOGDL location: /nix/store/c8ay94j4hpgc574dnq8ll19dal6m6hd5-heroic-unwrapped-2.13.0/share/heroic/build/bin/linux/gogdl
(17:24:59) INFO:    [Connection]:       Connectivity: check-online
(17:24:59) INFO:    [Connection]:       Pinging external endpoints
(17:24:59) INFO:    [Backend]:          DRM modules disabled for nixpkgs
(17:24:59) INFO:    [Gog]:              Checking for existing gog manifests
(17:24:59) WARNING: [Backend]:          Failed to register protocol with OS.
(17:25:00) INFO:    [Connection]:       Connectivity: online
(17:25:00) INFO:    [Backend]:          User Not Found, removing it from Store
(17:25:00) ERROR:   [Gog]:              Unable to syncQueued playtime, userData not present
(17:25:00) INFO:    [Gog]:              Running command: GOGDL_CONFIG_PATH=/home/siddharth/.config/heroic/gogdlConfig /nix/store/c8ay94j4hpgc574dnq8ll19dal6m6hd5-heroic-unwrapped-2.13.0/share/heroic/build/bin/linux/gogdl --auth-config-path /home/siddharth/.config/heroic/gog_store/auth.json auth
(17:25:00) INFO:    [Backend]:          Frontend Ready
(17:25:00) INFO:    [Backend]:          Checking for new Heroic Updates
(17:25:00) INFO:    [Backend]:          Checking for current version changelog
(17:25:00) INFO:    [Frontend]:         Updated to a new version, cleaaning up the cache.
(17:25:00) INFO:    [Legendary]:        Running command: LEGENDARY_CONFIG_PATH=/home/siddharth/.config/heroic/legendaryConfig/legendary /nix/store/c8ay94j4hpgc574dnq8ll19dal6m6hd5-heroic-unwrapped-2.13.0/share/heroic/build/bin/linux/legendary cleanup
(17:25:00) INFO:    [Backend]:          AreWeAntiCheatYet data downloaded
(17:25:00) INFO:    [Frontend]:         Refreshing undefined Library
(17:25:00) WARNING: [Backend]:          refresh not implemented on Sideload Library Manager
(17:25:00) INFO:    [Legendary]:        Refreshing library...
